# JRE version: OpenJDK Runtime Environment 21.9 (17.0.3+6) (build 17.0.3+6-LTS)
# Java VM: OpenJDK 64-Bit Server VM 21.9 (17.0.3+6-LTS, mixed mode, sharing, tiered, compressed oops, compressed class ptrs, g1 gc, windows-amd64)
GC Precious Log:
 CPUs: 2 total, 2 available
 Memory: 7995M
 Large Page Support: Disabled
 NUMA Support: Disabled
 Compressed Oops: Enabled (32-bit)
 Heap Region Size: 1M
 Heap Min Capacity: 8M
 Heap Initial Capacity: 126M
 Heap Max Capacity: 2G
 Pre-touch: Disabled
 Parallel Workers: 2
 Concurrent Workers: 1
 Concurrent Refinement Workers: 2
 Periodic GC: Disabled
Heap:
 garbage-first heap   total 377856K, used 224256K [0x0000000080000000, 0x0000000100000000)
  region size 1024K, 2 young (2048K), 2 survivors (2048K)
 Metaspace       used 138380K, committed 139392K, reserved 1171456K
  class space    used 18630K, committed 19136K, reserved 1048576K
GC Heap History (20 events):
Event: 225.959 GC heap after
{Heap after GC invocations=49 (full 0):
 garbage-first heap   total 195584K, used 110347K [0x0000000080000000, 0x0000000100000000)
  region size 1024K, 7 young (7168K), 7 survivors (7168K)
 Metaspace       used 107455K, committed 108288K, reserved 1146880K
  class space    used 14848K, committed 15232K, reserved 1048576K
}
Event: 231.336 GC heap before
{Heap before GC invocations=49 (full 0):
 garbage-first heap   total 195584K, used 167691K [0x0000000080000000, 0x0000000100000000)
  region size 1024K, 49 young (50176K), 7 survivors (7168K)
 Metaspace       used 113659K, committed 114560K, reserved 1155072K
  class space    used 15427K, committed 15872K, reserved 1048576K
}
Event: 231.372 GC heap after
{Heap after GC invocations=50 (full 0):
 garbage-first heap   total 195584K, used 123904K [0x0000000080000000, 0x0000000100000000)
  region size 1024K, 8 young (8192K), 8 survivors (8192K)
 Metaspace       used 113659K, committed 114560K, reserved 1155072K
  class space    used 15427K, committed 15872K, reserved 1048576K
}
Event: 231.426 GC heap before
{Heap before GC invocations=50 (full 0):
 garbage-first heap   total 195584K, used 142336K [0x0000000080000000, 0x0000000100000000)
  region size 1024K, 9 young (9216K), 8 survivors (8192K)
 Metaspace       used 113745K, committed 114624K, reserved 1155072K
  class space    used 15432K, committed 15872K, reserved 1048576K
}
Event: 231.462 GC heap after
{Heap after GC invocations=51 (full 0):
 garbage-first heap   total 195584K, used 125326K [0x0000000080000000, 0x0000000100000000)
  region size 1024K, 1 young (1024K), 1 survivors (1024K)
 Metaspace       used 113745K, committed 114624K, reserved 1155072K
  class space    used 15432K, committed 15872K, reserved 1048576K
}
Event: 231.472 GC heap before
{Heap before GC invocations=51 (full 0):
 garbage-first heap   total 195584K, used 127374K [0x0000000080000000, 0x0000000100000000)
  region size 1024K, 2 young (2048K), 1 survivors (1024K)
 Metaspace       used 113763K, committed 114624K, reserved 1155072K
  class space    used 15433K, committed 15872K, reserved 1048576K
}
Event: 231.476 GC heap after
{Heap after GC invocations=52 (full 0):
 garbage-first heap   total 195584K, used 124612K [0x0000000080000000, 0x0000000100000000)
  region size 1024K, 1 young (1024K), 1 survivors (1024K)
 Metaspace       used 113763K, committed 114624K, reserved 1155072K
  class space    used 15433K, committed 15872K, reserved 1048576K
}
Event: 236.585 GC heap before
{Heap before GC invocations=53 (full 0):
 garbage-first heap   total 301056K, used 216772K [0x0000000080000000, 0x0000000100000000)
  region size 1024K, 41 young (41984K), 1 survivors (1024K)
 Metaspace       used 121268K, committed 122176K, reserved 1155072K
  class space    used 16209K, committed 16640K, reserved 1048576K
}
Event: 236.608 GC heap after
{Heap after GC invocations=54 (full 0):
 garbage-first heap   total 301056K, used 124071K [0x0000000080000000, 0x0000000100000000)
  region size 1024K, 2 young (2048K), 2 survivors (2048K)
 Metaspace       used 121268K, committed 122176K, reserved 1155072K
  class space    used 16209K, committed 16640K, reserved 1048576K
}
Event: 237.697 GC heap before
{Heap before GC invocations=54 (full 0):
 garbage-first heap   total 301056K, used 135335K [0x0000000080000000, 0x0000000100000000)
  region size 1024K, 14 young (14336K), 2 survivors (2048K)
 Metaspace       used 123089K, committed 124096K, reserved 1163264K
  class space    used 16433K, committed 16896K, reserved 1048576K
}
Event: 237.711 GC heap after
{Heap after GC invocations=55 (full 0):
 garbage-first heap   total 301056K, used 123859K [0x0000000080000000, 0x0000000100000000)
  region size 1024K, 1 young (1024K), 1 survivors (1024K)
 Metaspace       used 123089K, committed 124096K, reserved 1163264K
  class space    used 16433K, committed 16896K, reserved 1048576K
}
Event: 250.141 GC heap before
{Heap before GC invocations=55 (full 0):
 garbage-first heap   total 301056K, used 288723K [0x0000000080000000, 0x0000000100000000)
  region size 1024K, 122 young (124928K), 1 survivors (1024K)
 Metaspace       used 133467K, committed 134464K, reserved 1171456K
  class space    used 18140K, committed 18624K, reserved 1048576K
}
Event: 250.526 GC heap after
{Heap after GC invocations=56 (full 0):
 garbage-first heap   total 324608K, used 179069K [0x0000000080000000, 0x0000000100000000)
  region size 1024K, 16 young (16384K), 16 survivors (16384K)
 Metaspace       used 133467K, committed 134464K, reserved 1171456K
  class space    used 18140K, committed 18624K, reserved 1048576K
}
Event: 252.304 GC heap before
{Heap before GC invocations=56 (full 0):
 garbage-first heap   total 324608K, used 182141K [0x0000000080000000, 0x0000000100000000)
  region size 1024K, 19 young (19456K), 16 survivors (16384K)
 Metaspace       used 133710K, committed 134656K, reserved 1171456K
  class space    used 18167K, committed 18624K, reserved 1048576K
}
Event: 252.377 GC heap after
{Heap after GC invocations=57 (full 0):
 garbage-first heap   total 324608K, used 180450K [0x0000000080000000, 0x0000000100000000)
  region size 1024K, 2 young (2048K), 2 survivors (2048K)
 Metaspace       used 133710K, committed 134656K, reserved 1171456K
  class space    used 18167K, committed 18624K, reserved 1048576K
}
Event: 266.861 GC heap before
{Heap before GC invocations=57 (full 0):
 garbage-first heap   total 324608K, used 261346K [0x0000000080000000, 0x0000000100000000)
  region size 1024K, 79 young (80896K), 2 survivors (2048K)
 Metaspace       used 137050K, committed 138112K, reserved 1171456K
  class space    used 18448K, committed 18944K, reserved 1048576K
}
Event: 267.024 GC heap after
{Heap after GC invocations=58 (full 0):
 garbage-first heap   total 324608K, used 219648K [0x0000000080000000, 0x0000000100000000)
  region size 1024K, 10 young (10240K), 10 survivors (10240K)
 Metaspace       used 137050K, committed 138112K, reserved 1171456K
  class space    used 18448K, committed 18944K, reserved 1048576K
}
Event: 272.245 GC heap before
{Heap before GC invocations=59 (full 0):
 garbage-first heap   total 377856K, used 241152K [0x0000000080000000, 0x0000000100000000)
  region size 1024K, 31 young (31744K), 10 survivors (10240K)
 Metaspace       used 137964K, committed 139008K, reserved 1171456K
  class space    used 18575K, committed 19072K, reserved 1048576K
}
Event: 272.384 GC heap after
{Heap after GC invocations=60 (full 0):
 garbage-first heap   total 377856K, used 223808K [0x0000000080000000, 0x0000000100000000)
  region size 1024K, 4 young (4096K), 4 survivors (4096K)
 Metaspace       used 137964K, committed 139008K, reserved 1171456K
  class space    used 18575K, committed 19072K, reserved 1048576K
}
Event: 274.451 GC heap before
{Heap before GC invocations=60 (full 0):
 garbage-first heap   total 377856K, used 237120K [0x0000000080000000, 0x0000000100000000)
  region size 1024K, 18 young (18432K), 4 survivors (4096K)
 Metaspace       used 138380K, committed 139392K, reserved 1171456K
  class space    used 18630K, committed 19136K, reserved 1048576K
}

