# JRE version: OpenJDK Runtime Environment 21.9 (17.0.3+6) (build 17.0.3+6-LTS)
# Java VM: OpenJDK 64-Bit Server VM 21.9 (17.0.3+6-LTS, mixed mode, sharing, tiered, compressed oops, compressed class ptrs, g1 gc, windows-amd64)
GC Precious Log:
 CPUs: 2 total, 2 available
 Memory: 7995M
 Large Page Support: Disabled
 NUMA Support: Disabled
 Compressed Oops: Enabled (32-bit)
 Heap Region Size: 1M
 Heap Min Capacity: 64M
 Heap Initial Capacity: 64M
 Heap Max Capacity: 64M
 Pre-touch: Disabled
 Parallel Workers: 2
 Concurrent Workers: 1
 Concurrent Refinement Workers: 2
 Periodic GC: Disabled
Heap:
 garbage-first heap   total 65536K, used 14798K [0x00000000fc000000, 0x0000000100000000)
  region size 1024K, 5 young (5120K), 1 survivors (1024K)
 Metaspace       used 8841K, committed 8960K, reserved 1056768K
  class space    used 1160K, committed 1216K, reserved 1048576K
GC Heap History (8 events):
Event: 1.500 GC heap before
{Heap before GC invocations=0 (full 0):
 garbage-first heap   total 65536K, used 5120K [0x00000000fc000000, 0x0000000100000000)
  region size 1024K, 6 young (6144K), 0 survivors (0K)
 Metaspace       used 1693K, committed 1792K, reserved 1056768K
  class space    used 161K, committed 192K, reserved 1048576K
}
Event: 1.512 GC heap after
{Heap after GC invocations=1 (full 0):
 garbage-first heap   total 65536K, used 1857K [0x00000000fc000000, 0x0000000100000000)
  region size 1024K, 1 young (1024K), 1 survivors (1024K)
 Metaspace       used 1693K, committed 1792K, reserved 1056768K
  class space    used 161K, committed 192K, reserved 1048576K
}
Event: 2.119 GC heap before
{Heap before GC invocations=1 (full 0):
 garbage-first heap   total 65536K, used 5953K [0x00000000fc000000, 0x0000000100000000)
  region size 1024K, 6 young (6144K), 1 survivors (1024K)
 Metaspace       used 1760K, committed 1856K, reserved 1056768K
  class space    used 161K, committed 192K, reserved 1048576K
}
Event: 2.123 GC heap after
{Heap after GC invocations=2 (full 0):
 garbage-first heap   total 65536K, used 2107K [0x00000000fc000000, 0x0000000100000000)
  region size 1024K, 1 young (1024K), 1 survivors (1024K)
 Metaspace       used 1760K, committed 1856K, reserved 1056768K
  class space    used 161K, committed 192K, reserved 1048576K
}
Event: 3.709 GC heap before
{Heap before GC invocations=2 (full 0):
 garbage-first heap   total 65536K, used 16443K [0x00000000fc000000, 0x0000000100000000)
  region size 1024K, 12 young (12288K), 1 survivors (1024K)
 Metaspace       used 3701K, committed 3840K, reserved 1056768K
  class space    used 455K, committed 512K, reserved 1048576K
}
Event: 3.720 GC heap after
{Heap after GC invocations=3 (full 0):
 garbage-first heap   total 65536K, used 10930K [0x00000000fc000000, 0x0000000100000000)
  region size 1024K, 2 young (2048K), 2 survivors (2048K)
 Metaspace       used 3701K, committed 3840K, reserved 1056768K
  class space    used 455K, committed 512K, reserved 1048576K
}
Event: 5.119 GC heap before
{Heap before GC invocations=3 (full 0):
 garbage-first heap   total 65536K, used 24242K [0x00000000fc000000, 0x0000000100000000)
  region size 1024K, 15 young (15360K), 2 survivors (2048K)
 Metaspace       used 7605K, committed 7808K, reserved 1056768K
  class space    used 1036K, committed 1152K, reserved 1048576K
}
Event: 5.125 GC heap after
{Heap after GC invocations=4 (full 0):
 garbage-first heap   total 65536K, used 11726K [0x00000000fc000000, 0x0000000100000000)
  region size 1024K, 1 young (1024K), 1 survivors (1024K)
 Metaspace       used 7605K, committed 7808K, reserved 1056768K
  class space    used 1036K, committed 1152K, reserved 1048576K
}

