# JRE version: OpenJDK Runtime Environment 21.9 (17.0.3+6) (build 17.0.3+6-LTS)
# Java VM: OpenJDK 64-Bit Server VM 21.9 (17.0.3+6-LTS, mixed mode, sharing, tiered, compressed oops, compressed class ptrs, g1 gc, windows-amd64)
GC Precious Log:
 CPUs: 2 total, 2 available
 Memory: 7995M
 Large Page Support: Disabled
 NUMA Support: Disabled
 Compressed Oops: Enabled (32-bit)
 Heap Region Size: 1M
 Heap Min Capacity: 8M
 Heap Initial Capacity: 126M
 Heap Max Capacity: 2G
 Pre-touch: Disabled
 Parallel Workers: 2
 Concurrent Workers: 1
 Concurrent Refinement Workers: 2
 Periodic GC: Disabled
Heap:
 garbage-first heap   total 244736K, used 184354K [0x0000000080000000, 0x0000000100000000)
  region size 1024K, 4 young (4096K), 4 survivors (4096K)
 Metaspace       used 105598K, committed 106496K, reserved 1146880K
  class space    used 13974K, committed 14464K, reserved 1048576K
GC Heap History (20 events):
Event: 947.475 GC heap after
{Heap after GC invocations=67 (full 0):
 garbage-first heap   total 244736K, used 151088K [0x0000000080000000, 0x0000000100000000)
  region size 1024K, 1 young (1024K), 1 survivors (1024K)
 Metaspace       used 98854K, committed 99648K, reserved 1138688K
  class space    used 13258K, committed 13696K, reserved 1048576K
}
Event: 951.958 GC heap before
{Heap before GC invocations=67 (full 0):
 garbage-first heap   total 244736K, used 198192K [0x0000000080000000, 0x0000000100000000)
  region size 1024K, 42 young (43008K), 1 survivors (1024K)
 Metaspace       used 101122K, committed 101952K, reserved 1138688K
  class space    used 13491K, committed 13952K, reserved 1048576K
}
Event: 951.993 GC heap after
{Heap after GC invocations=68 (full 0):
 garbage-first heap   total 244736K, used 157289K [0x0000000080000000, 0x0000000100000000)
  region size 1024K, 6 young (6144K), 6 survivors (6144K)
 Metaspace       used 101122K, committed 101952K, reserved 1138688K
  class space    used 13491K, committed 13952K, reserved 1048576K
}
Event: 953.138 GC heap before
{Heap before GC invocations=68 (full 0):
 garbage-first heap   total 244736K, used 194153K [0x0000000080000000, 0x0000000100000000)
  region size 1024K, 42 young (43008K), 6 survivors (6144K)
 Metaspace       used 101160K, committed 102080K, reserved 1138688K
  class space    used 13491K, committed 13952K, reserved 1048576K
}
Event: 953.178 GC heap after
{Heap after GC invocations=69 (full 0):
 garbage-first heap   total 244736K, used 166411K [0x0000000080000000, 0x0000000100000000)
  region size 1024K, 6 young (6144K), 6 survivors (6144K)
 Metaspace       used 101160K, committed 102080K, reserved 1138688K
  class space    used 13491K, committed 13952K, reserved 1048576K
}
Event: 953.534 GC heap before
{Heap before GC invocations=69 (full 0):
 garbage-first heap   total 244736K, used 190987K [0x0000000080000000, 0x0000000100000000)
  region size 1024K, 19 young (19456K), 6 survivors (6144K)
 Metaspace       used 101180K, committed 102080K, reserved 1138688K
  class space    used 13492K, committed 13952K, reserved 1048576K
}
Event: 953.578 GC heap after
{Heap after GC invocations=70 (full 0):
 garbage-first heap   total 244736K, used 178688K [0x0000000080000000, 0x0000000100000000)
  region size 1024K, 5 young (5120K), 5 survivors (5120K)
 Metaspace       used 101180K, committed 102080K, reserved 1138688K
  class space    used 13492K, committed 13952K, reserved 1048576K
}
Event: 957.223 GC heap before
{Heap before GC invocations=70 (full 0):
 garbage-first heap   total 244736K, used 204288K [0x0000000080000000, 0x0000000100000000)
  region size 1024K, 27 young (27648K), 5 survivors (5120K)
 Metaspace       used 102519K, committed 103360K, reserved 1138688K
  class space    used 13647K, committed 14080K, reserved 1048576K
}
Event: 957.264 GC heap after
{Heap after GC invocations=71 (full 0):
 garbage-first heap   total 244736K, used 179200K [0x0000000080000000, 0x0000000100000000)
  region size 1024K, 4 young (4096K), 4 survivors (4096K)
 Metaspace       used 102519K, committed 103360K, reserved 1138688K
  class space    used 13647K, committed 14080K, reserved 1048576K
}
Event: 969.718 GC heap before
{Heap before GC invocations=71 (full 0):
 garbage-first heap   total 244736K, used 201728K [0x0000000080000000, 0x0000000100000000)
  region size 1024K, 27 young (27648K), 4 survivors (4096K)
 Metaspace       used 102798K, committed 103744K, reserved 1138688K
  class space    used 13669K, committed 14144K, reserved 1048576K
}
Event: 969.734 GC heap after
{Heap after GC invocations=72 (full 0):
 garbage-first heap   total 244736K, used 180452K [0x0000000080000000, 0x0000000100000000)
  region size 1024K, 2 young (2048K), 2 survivors (2048K)
 Metaspace       used 102798K, committed 103744K, reserved 1138688K
  class space    used 13669K, committed 14144K, reserved 1048576K
}
Event: 970.608 GC heap before
{Heap before GC invocations=72 (full 0):
 garbage-first heap   total 244736K, used 204004K [0x0000000080000000, 0x0000000100000000)
  region size 1024K, 26 young (26624K), 2 survivors (2048K)
 Metaspace       used 103087K, committed 104000K, reserved 1146880K
  class space    used 13688K, committed 14144K, reserved 1048576K
}
Event: 970.618 GC heap after
{Heap after GC invocations=73 (full 0):
 garbage-first heap   total 244736K, used 179897K [0x0000000080000000, 0x0000000100000000)
  region size 1024K, 2 young (2048K), 2 survivors (2048K)
 Metaspace       used 103087K, committed 104000K, reserved 1146880K
  class space    used 13688K, committed 14144K, reserved 1048576K
}
Event: 973.014 GC heap before
{Heap before GC invocations=73 (full 0):
 garbage-first heap   total 244736K, used 205497K [0x0000000080000000, 0x0000000100000000)
  region size 1024K, 28 young (28672K), 2 survivors (2048K)
 Metaspace       used 103879K, committed 104832K, reserved 1146880K
  class space    used 13780K, committed 14272K, reserved 1048576K
}
Event: 973.026 GC heap after
{Heap after GC invocations=74 (full 0):
 garbage-first heap   total 244736K, used 181210K [0x0000000080000000, 0x0000000100000000)
  region size 1024K, 3 young (3072K), 3 survivors (3072K)
 Metaspace       used 103879K, committed 104832K, reserved 1146880K
  class space    used 13780K, committed 14272K, reserved 1048576K
}
Event: 973.879 GC heap before
{Heap before GC invocations=74 (full 0):
 garbage-first heap   total 244736K, used 206810K [0x0000000080000000, 0x0000000100000000)
  region size 1024K, 29 young (29696K), 3 survivors (3072K)
 Metaspace       used 104148K, committed 105152K, reserved 1146880K
  class space    used 13794K, committed 14272K, reserved 1048576K
}
Event: 973.893 GC heap after
{Heap after GC invocations=75 (full 0):
 garbage-first heap   total 244736K, used 181731K [0x0000000080000000, 0x0000000100000000)
  region size 1024K, 3 young (3072K), 3 survivors (3072K)
 Metaspace       used 104148K, committed 105152K, reserved 1146880K
  class space    used 13794K, committed 14272K, reserved 1048576K
}
Event: 974.157 GC heap before
{Heap before GC invocations=75 (full 0):
 garbage-first heap   total 244736K, used 208355K [0x0000000080000000, 0x0000000100000000)
  region size 1024K, 30 young (30720K), 3 survivors (3072K)
 Metaspace       used 104205K, committed 105152K, reserved 1146880K
  class space    used 13795K, committed 14272K, reserved 1048576K
}
Event: 974.174 GC heap after
{Heap after GC invocations=76 (full 0):
 garbage-first heap   total 244736K, used 182582K [0x0000000080000000, 0x0000000100000000)
  region size 1024K, 2 young (2048K), 2 survivors (2048K)
 Metaspace       used 104205K, committed 105152K, reserved 1146880K
  class space    used 13795K, committed 14272K, reserved 1048576K
}
Event: 976.389 GC heap before
{Heap before GC invocations=76 (full 0):
 garbage-first heap   total 244736K, used 210230K [0x0000000080000000, 0x0000000100000000)
  region size 1024K, 30 young (30720K), 2 survivors (2048K)
 Metaspace       used 105598K, committed 106496K, reserved 1146880K
  class space    used 13974K, committed 14464K, reserved 1048576K
}

