# JRE version: OpenJDK Runtime Environment 21.9 (17.0.3+6) (build 17.0.3+6-LTS)
# Java VM: OpenJDK 64-Bit Server VM 21.9 (17.0.3+6-LTS, mixed mode, sharing, tiered, compressed oops, compressed class ptrs, g1 gc, windows-amd64)
GC Precious Log:
 CPUs: 2 total, 2 available
 Memory: 7995M
 Large Page Support: Disabled
 NUMA Support: Disabled
 Compressed Oops: Enabled (32-bit)
 Heap Region Size: 1M
 Heap Min Capacity: 8M
 Heap Initial Capacity: 126M
 Heap Max Capacity: 2G
 Pre-touch: Disabled
 Parallel Workers: 2
 Concurrent Workers: 1
 Concurrent Refinement Workers: 2
 Periodic GC: Disabled
Heap:
 garbage-first heap   total 484352K, used 370688K [0x0000000080000000, 0x0000000100000000)
  region size 1024K, 119 young (121856K), 6 survivors (6144K)
 Metaspace       used 196765K, committed 198400K, reserved 1228800K
  class space    used 25359K, committed 26112K, reserved 1048576K
GC Heap History (20 events):
Event: 187.847 GC heap before
{Heap before GC invocations=82 (full 0):
 garbage-first heap   total 484352K, used 401408K [0x0000000080000000, 0x0000000100000000)
  region size 1024K, 79 young (80896K), 8 survivors (8192K)
 Metaspace       used 166786K, committed 167872K, reserved 1196032K
  class space    used 21804K, committed 22336K, reserved 1048576K
}
Event: 187.898 GC heap after
{Heap after GC invocations=83 (full 0):
 garbage-first heap   total 484352K, used 324096K [0x0000000080000000, 0x0000000100000000)
  region size 1024K, 6 young (6144K), 6 survivors (6144K)
 Metaspace       used 166786K, committed 167872K, reserved 1196032K
  class space    used 21804K, committed 22336K, reserved 1048576K
}
Event: 190.163 GC heap before
{Heap before GC invocations=83 (full 0):
 garbage-first heap   total 484352K, used 425472K [0x0000000080000000, 0x0000000100000000)
  region size 1024K, 82 young (83968K), 6 survivors (6144K)
 Metaspace       used 168765K, committed 169856K, reserved 1196032K
  class space    used 22000K, committed 22528K, reserved 1048576K
}
Event: 190.229 GC heap after
{Heap after GC invocations=84 (full 0):
 garbage-first heap   total 484352K, used 341504K [0x0000000080000000, 0x0000000100000000)
  region size 1024K, 11 young (11264K), 11 survivors (11264K)
 Metaspace       used 168765K, committed 169856K, reserved 1196032K
  class space    used 22000K, committed 22528K, reserved 1048576K
}
Event: 194.975 GC heap before
{Heap before GC invocations=84 (full 0):
 garbage-first heap   total 484352K, used 410112K [0x0000000080000000, 0x0000000100000000)
  region size 1024K, 45 young (46080K), 11 survivors (11264K)
 Metaspace       used 171293K, committed 172416K, reserved 1204224K
  class space    used 22195K, committed 22720K, reserved 1048576K
}
Event: 195.035 GC heap after
{Heap after GC invocations=85 (full 0):
 garbage-first heap   total 484352K, used 373760K [0x0000000080000000, 0x0000000100000000)
  region size 1024K, 5 young (5120K), 5 survivors (5120K)
 Metaspace       used 171293K, committed 172416K, reserved 1204224K
  class space    used 22195K, committed 22720K, reserved 1048576K
}
Event: 201.167 GC heap before
{Heap before GC invocations=86 (full 0):
 garbage-first heap   total 484352K, used 304128K [0x0000000080000000, 0x0000000100000000)
  region size 1024K, 47 young (48128K), 5 survivors (5120K)
 Metaspace       used 172128K, committed 173248K, reserved 1204224K
  class space    used 22242K, committed 22784K, reserved 1048576K
}
Event: 201.211 GC heap after
{Heap after GC invocations=87 (full 0):
 garbage-first heap   total 484352K, used 240640K [0x0000000080000000, 0x0000000100000000)
  region size 1024K, 6 young (6144K), 6 survivors (6144K)
 Metaspace       used 172128K, committed 173248K, reserved 1204224K
  class space    used 22242K, committed 22784K, reserved 1048576K
}
Event: 202.891 GC heap before
{Heap before GC invocations=87 (full 0):
 garbage-first heap   total 484352K, used 257024K [0x0000000080000000, 0x0000000100000000)
  region size 1024K, 23 young (23552K), 6 survivors (6144K)
 Metaspace       used 172738K, committed 173888K, reserved 1204224K
  class space    used 22301K, committed 22848K, reserved 1048576K
}
Event: 202.935 GC heap after
{Heap after GC invocations=88 (full 0):
 garbage-first heap   total 484352K, used 214528K [0x0000000080000000, 0x0000000100000000)
  region size 1024K, 3 young (3072K), 3 survivors (3072K)
 Metaspace       used 172738K, committed 173888K, reserved 1204224K
  class space    used 22301K, committed 22848K, reserved 1048576K
}
Event: 257.056 GC heap before
{Heap before GC invocations=88 (full 0):
 garbage-first heap   total 484352K, used 379392K [0x0000000080000000, 0x0000000100000000)
  region size 1024K, 158 young (161792K), 3 survivors (3072K)
 Metaspace       used 193015K, committed 194112K, reserved 1220608K
  class space    used 24949K, committed 25472K, reserved 1048576K
}
Event: 257.128 GC heap after
{Heap after GC invocations=89 (full 0):
 garbage-first heap   total 484352K, used 229706K [0x0000000080000000, 0x0000000100000000)
  region size 1024K, 18 young (18432K), 18 survivors (18432K)
 Metaspace       used 193015K, committed 194112K, reserved 1220608K
  class space    used 24949K, committed 25472K, reserved 1048576K
}
Event: 875.567 GC heap before
{Heap before GC invocations=89 (full 0):
 garbage-first heap   total 484352K, used 378186K [0x0000000080000000, 0x0000000100000000)
  region size 1024K, 164 young (167936K), 18 survivors (18432K)
 Metaspace       used 194311K, committed 195456K, reserved 1220608K
  class space    used 25060K, committed 25600K, reserved 1048576K
}
Event: 875.661 GC heap after
{Heap after GC invocations=90 (full 0):
 garbage-first heap   total 484352K, used 241339K [0x0000000080000000, 0x0000000100000000)
  region size 1024K, 14 young (14336K), 14 survivors (14336K)
 Metaspace       used 194311K, committed 195456K, reserved 1220608K
  class space    used 25060K, committed 25600K, reserved 1048576K
}
Event: 1271.553 GC heap before
{Heap before GC invocations=90 (full 0):
 garbage-first heap   total 484352K, used 382651K [0x0000000080000000, 0x0000000100000000)
  region size 1024K, 153 young (156672K), 14 survivors (14336K)
 Metaspace       used 195092K, committed 196352K, reserved 1220608K
  class space    used 25149K, committed 25728K, reserved 1048576K
}
Event: 1271.844 GC heap after
{Heap after GC invocations=91 (full 0):
 garbage-first heap   total 484352K, used 251904K [0x0000000080000000, 0x0000000100000000)
  region size 1024K, 12 young (12288K), 12 survivors (12288K)
 Metaspace       used 195092K, committed 196352K, reserved 1220608K
  class space    used 25149K, committed 25728K, reserved 1048576K
}
Event: 1400.325 GC heap before
{Heap before GC invocations=91 (full 0):
 garbage-first heap   total 484352K, used 352256K [0x0000000080000000, 0x0000000100000000)
  region size 1024K, 111 young (113664K), 12 survivors (12288K)
 Metaspace       used 195369K, committed 196736K, reserved 1220608K
  class space    used 25158K, committed 25792K, reserved 1048576K
}
Event: 1400.472 GC heap after
{Heap after GC invocations=92 (full 0):
 garbage-first heap   total 484352K, used 257024K [0x0000000080000000, 0x0000000100000000)
  region size 1024K, 6 young (6144K), 6 survivors (6144K)
 Metaspace       used 195369K, committed 196736K, reserved 1220608K
  class space    used 25158K, committed 25792K, reserved 1048576K
}
Event: 1533.414 GC heap before
{Heap before GC invocations=92 (full 0):
 garbage-first heap   total 484352K, used 395264K [0x0000000080000000, 0x0000000100000000)
  region size 1024K, 142 young (145408K), 6 survivors (6144K)
 Metaspace       used 196359K, committed 197952K, reserved 1228800K
  class space    used 25320K, committed 26048K, reserved 1048576K
}
Event: 1533.465 GC heap after
{Heap after GC invocations=93 (full 0):
 garbage-first heap   total 484352K, used 257024K [0x0000000080000000, 0x0000000100000000)
  region size 1024K, 6 young (6144K), 6 survivors (6144K)
 Metaspace       used 196359K, committed 197952K, reserved 1228800K
  class space    used 25320K, committed 26048K, reserved 1048576K
}

