# JRE version: OpenJDK Runtime Environment 21.9 (17.0.3+6) (build 17.0.3+6-LTS)
# Java VM: OpenJDK 64-Bit Server VM 21.9 (17.0.3+6-LTS, mixed mode, sharing, tiered, compressed oops, compressed class ptrs, g1 gc, windows-amd64)
GC Precious Log:
 CPUs: 2 total, 2 available
 Memory: 7995M
 Large Page Support: Disabled
 NUMA Support: Disabled
 Compressed Oops: Enabled (32-bit)
 Heap Region Size: 1M
 Heap Min Capacity: 8M
 Heap Initial Capacity: 126M
 Heap Max Capacity: 2G
 Pre-touch: Disabled
 Parallel Workers: 2
 Concurrent Workers: 1
 Concurrent Refinement Workers: 2
 Periodic GC: Disabled
Heap:
 garbage-first heap   total 442368K, used 276339K [0x0000000080000000, 0x0000000100000000)
  region size 1024K, 5 young (5120K), 5 survivors (5120K)
 Metaspace       used 191462K, committed 193344K, reserved 1220608K
  class space    used 24197K, committed 25088K, reserved 1048576K
GC Heap History (20 events):
Event: 5917.022 GC heap after
{Heap after GC invocations=87 (full 1):
 garbage-first heap   total 372736K, used 127859K [0x0000000080000000, 0x0000000100000000)
  region size 1024K, 17 young (17408K), 17 survivors (17408K)
 Metaspace       used 188519K, committed 189888K, reserved 1220608K
  class space    used 23856K, committed 24512K, reserved 1048576K
}
Event: 5922.743 GC heap before
{Heap before GC invocations=87 (full 1):
 garbage-first heap   total 372736K, used 266099K [0x0000000080000000, 0x0000000100000000)
  region size 1024K, 148 young (151552K), 17 survivors (17408K)
 Metaspace       used 188846K, committed 190272K, reserved 1220608K
  class space    used 23863K, committed 24512K, reserved 1048576K
}
Event: 5922.884 GC heap after
{Heap after GC invocations=88 (full 1):
 garbage-first heap   total 372736K, used 145640K [0x0000000080000000, 0x0000000100000000)
  region size 1024K, 19 young (19456K), 19 survivors (19456K)
 Metaspace       used 188846K, committed 190272K, reserved 1220608K
  class space    used 23863K, committed 24512K, reserved 1048576K
}
Event: 5926.265 GC heap before
{Heap before GC invocations=88 (full 1):
 garbage-first heap   total 372736K, used 218344K [0x0000000080000000, 0x0000000100000000)
  region size 1024K, 90 young (92160K), 19 survivors (19456K)
 Metaspace       used 189111K, committed 190528K, reserved 1220608K
  class space    used 23863K, committed 24512K, reserved 1048576K
}
Event: 5926.430 GC heap after
{Heap after GC invocations=89 (full 1):
 garbage-first heap   total 372736K, used 157555K [0x0000000080000000, 0x0000000100000000)
  region size 1024K, 12 young (12288K), 12 survivors (12288K)
 Metaspace       used 189111K, committed 190528K, reserved 1220608K
  class space    used 23863K, committed 24512K, reserved 1048576K
}
Event: 6491.267 GC heap before
{Heap before GC invocations=89 (full 1):
 garbage-first heap   total 372736K, used 282483K [0x0000000080000000, 0x0000000100000000)
  region size 1024K, 102 young (104448K), 12 survivors (12288K)
 Metaspace       used 190061K, committed 191808K, reserved 1220608K
  class space    used 24022K, committed 24832K, reserved 1048576K
}
Event: 6491.381 GC heap after
{Heap after GC invocations=90 (full 1):
 garbage-first heap   total 442368K, used 161139K [0x0000000080000000, 0x0000000100000000)
  region size 1024K, 6 young (6144K), 6 survivors (6144K)
 Metaspace       used 190061K, committed 191808K, reserved 1220608K
  class space    used 24022K, committed 24832K, reserved 1048576K
}
Event: 8110.077 GC heap before
{Heap before GC invocations=90 (full 1):
 garbage-first heap   total 442368K, used 364915K [0x0000000080000000, 0x0000000100000000)
  region size 1024K, 160 young (163840K), 6 survivors (6144K)
 Metaspace       used 190752K, committed 192448K, reserved 1220608K
  class space    used 24109K, committed 24896K, reserved 1048576K
}
Event: 8110.445 GC heap after
{Heap after GC invocations=91 (full 1):
 garbage-first heap   total 442368K, used 172915K [0x0000000080000000, 0x0000000100000000)
  region size 1024K, 17 young (17408K), 17 survivors (17408K)
 Metaspace       used 190752K, committed 192448K, reserved 1220608K
  class space    used 24109K, committed 24896K, reserved 1048576K
}
Event: 8125.386 GC heap before
{Heap before GC invocations=91 (full 1):
 garbage-first heap   total 442368K, used 282483K [0x0000000080000000, 0x0000000100000000)
  region size 1024K, 45 young (46080K), 17 survivors (17408K)
 Metaspace       used 191220K, committed 193088K, reserved 1220608K
  class space    used 24193K, committed 25088K, reserved 1048576K
}
Event: 8125.498 GC heap after
{Heap after GC invocations=92 (full 1):
 garbage-first heap   total 442368K, used 174061K [0x0000000080000000, 0x0000000100000000)
  region size 1024K, 2 young (2048K), 2 survivors (2048K)
 Metaspace       used 191220K, committed 193088K, reserved 1220608K
  class space    used 24193K, committed 25088K, reserved 1048576K
}
Event: 8130.875 GC heap before
{Heap before GC invocations=92 (full 1):
 garbage-first heap   total 442368K, used 325613K [0x0000000080000000, 0x0000000100000000)
  region size 1024K, 110 young (112640K), 2 survivors (2048K)
 Metaspace       used 191459K, committed 193344K, reserved 1220608K
  class space    used 24197K, committed 25088K, reserved 1048576K
}
Event: 8131.162 GC heap after
{Heap after GC invocations=93 (full 1):
 garbage-first heap   total 442368K, used 233843K [0x0000000080000000, 0x0000000100000000)
  region size 1024K, 21 young (21504K), 21 survivors (21504K)
 Metaspace       used 191459K, committed 193344K, reserved 1220608K
  class space    used 24197K, committed 25088K, reserved 1048576K
}
Event: 8131.582 GC heap before
{Heap before GC invocations=93 (full 1):
 garbage-first heap   total 442368K, used 253299K [0x0000000080000000, 0x0000000100000000)
  region size 1024K, 39 young (39936K), 21 survivors (21504K)
 Metaspace       used 191459K, committed 193344K, reserved 1220608K
  class space    used 24197K, committed 25088K, reserved 1048576K
}
Event: 8131.759 GC heap after
{Heap after GC invocations=94 (full 1):
 garbage-first heap   total 442368K, used 245619K [0x0000000080000000, 0x0000000100000000)
  region size 1024K, 5 young (5120K), 5 survivors (5120K)
 Metaspace       used 191459K, committed 193344K, reserved 1220608K
  class space    used 24197K, committed 25088K, reserved 1048576K
}
Event: 8132.441 GC heap before
{Heap before GC invocations=94 (full 1):
 garbage-first heap   total 442368K, used 262003K [0x0000000080000000, 0x0000000100000000)
  region size 1024K, 21 young (21504K), 5 survivors (5120K)
 Metaspace       used 191459K, committed 193344K, reserved 1220608K
  class space    used 24197K, committed 25088K, reserved 1048576K
}
Event: 8132.519 GC heap after
{Heap after GC invocations=95 (full 1):
 garbage-first heap   total 442368K, used 254835K [0x0000000080000000, 0x0000000100000000)
  region size 1024K, 3 young (3072K), 3 survivors (3072K)
 Metaspace       used 191459K, committed 193344K, reserved 1220608K
  class space    used 24197K, committed 25088K, reserved 1048576K
}
Event: 8132.687 GC heap before
{Heap before GC invocations=95 (full 1):
 garbage-first heap   total 442368K, used 276339K [0x0000000080000000, 0x0000000100000000)
  region size 1024K, 22 young (22528K), 3 survivors (3072K)
 Metaspace       used 191459K, committed 193344K, reserved 1220608K
  class space    used 24197K, committed 25088K, reserved 1048576K
}
Event: 8132.817 GC heap after
{Heap after GC invocations=96 (full 1):
 garbage-first heap   total 442368K, used 266867K [0x0000000080000000, 0x0000000100000000)
  region size 1024K, 3 young (3072K), 3 survivors (3072K)
 Metaspace       used 191459K, committed 193344K, reserved 1220608K
  class space    used 24197K, committed 25088K, reserved 1048576K
}
Event: 8133.335 GC heap before
{Heap before GC invocations=96 (full 1):
 garbage-first heap   total 442368K, used 301683K [0x0000000080000000, 0x0000000100000000)
  region size 1024K, 36 young (36864K), 3 survivors (3072K)
 Metaspace       used 191462K, committed 193344K, reserved 1220608K
  class space    used 24197K, committed 25088K, reserved 1048576K
}

