# JRE version: OpenJDK Runtime Environment 21.9 (17.0.3+6) (build 17.0.3+6-LTS)
# Java VM: OpenJDK 64-Bit Server VM 21.9 (17.0.3+6-LTS, mixed mode, sharing, tiered, compressed oops, compressed class ptrs, g1 gc, windows-amd64)
GC Precious Log:
 CPUs: 2 total, 2 available
 Memory: 7995M
 Large Page Support: Disabled
 NUMA Support: Disabled
 Compressed Oops: Enabled (32-bit)
 Heap Region Size: 1M
 Heap Min Capacity: 8M
 Heap Initial Capacity: 126M
 Heap Max Capacity: 2G
 Pre-touch: Disabled
 Parallel Workers: 2
 Concurrent Workers: 1
 Concurrent Refinement Workers: 2
 Periodic GC: Disabled
Heap:
 garbage-first heap   total 314368K, used 233472K [0x0000000080000000, 0x0000000100000000)
  region size 1024K, 6 young (6144K), 6 survivors (6144K)
 Metaspace       used 126642K, committed 127552K, reserved 1163264K
  class space    used 16451K, committed 16896K, reserved 1048576K
GC Heap History (20 events):
Event: 256.026 GC heap after
{Heap after GC invocations=107 (full 0):
 garbage-first heap   total 272384K, used 151467K [0x0000000080000000, 0x0000000100000000)
  region size 1024K, 3 young (3072K), 3 survivors (3072K)
 Metaspace       used 123268K, committed 124096K, reserved 1163264K
  class space    used 16053K, committed 16448K, reserved 1048576K
}
Event: 257.625 GC heap before
{Heap before GC invocations=107 (full 0):
 garbage-first heap   total 272384K, used 239531K [0x0000000080000000, 0x0000000100000000)
  region size 1024K, 89 young (91136K), 3 survivors (3072K)
 Metaspace       used 123284K, committed 124160K, reserved 1163264K
  class space    used 16056K, committed 16448K, reserved 1048576K
}
Event: 257.638 GC heap after
{Heap after GC invocations=108 (full 0):
 garbage-first heap   total 272384K, used 151307K [0x0000000080000000, 0x0000000100000000)
  region size 1024K, 3 young (3072K), 3 survivors (3072K)
 Metaspace       used 123284K, committed 124160K, reserved 1163264K
  class space    used 16056K, committed 16448K, reserved 1048576K
}
Event: 259.246 GC heap before
{Heap before GC invocations=108 (full 0):
 garbage-first heap   total 272384K, used 241419K [0x0000000080000000, 0x0000000100000000)
  region size 1024K, 90 young (92160K), 3 survivors (3072K)
 Metaspace       used 123302K, committed 124160K, reserved 1163264K
  class space    used 16056K, committed 16448K, reserved 1048576K
}
Event: 259.261 GC heap after
{Heap after GC invocations=109 (full 0):
 garbage-first heap   total 272384K, used 151252K [0x0000000080000000, 0x0000000100000000)
  region size 1024K, 3 young (3072K), 3 survivors (3072K)
 Metaspace       used 123302K, committed 124160K, reserved 1163264K
  class space    used 16056K, committed 16448K, reserved 1048576K
}
Event: 260.031 GC heap before
{Heap before GC invocations=109 (full 0):
 garbage-first heap   total 272384K, used 239316K [0x0000000080000000, 0x0000000100000000)
  region size 1024K, 89 young (91136K), 3 survivors (3072K)
 Metaspace       used 123302K, committed 124160K, reserved 1163264K
  class space    used 16056K, committed 16448K, reserved 1048576K
}
Event: 260.053 GC heap after
{Heap after GC invocations=110 (full 0):
 garbage-first heap   total 272384K, used 151732K [0x0000000080000000, 0x0000000100000000)
  region size 1024K, 4 young (4096K), 4 survivors (4096K)
 Metaspace       used 123302K, committed 124160K, reserved 1163264K
  class space    used 16056K, committed 16448K, reserved 1048576K
}
Event: 260.934 GC heap before
{Heap before GC invocations=110 (full 0):
 garbage-first heap   total 272384K, used 238772K [0x0000000080000000, 0x0000000100000000)
  region size 1024K, 89 young (91136K), 4 survivors (4096K)
 Metaspace       used 123306K, committed 124160K, reserved 1163264K
  class space    used 16056K, committed 16448K, reserved 1048576K
}
Event: 260.943 GC heap after
{Heap after GC invocations=111 (full 0):
 garbage-first heap   total 272384K, used 150313K [0x0000000080000000, 0x0000000100000000)
  region size 1024K, 2 young (2048K), 2 survivors (2048K)
 Metaspace       used 123306K, committed 124160K, reserved 1163264K
  class space    used 16056K, committed 16448K, reserved 1048576K
}
Event: 267.496 GC heap before
{Heap before GC invocations=111 (full 0):
 garbage-first heap   total 272384K, used 223017K [0x0000000080000000, 0x0000000100000000)
  region size 1024K, 66 young (67584K), 2 survivors (2048K)
 Metaspace       used 126306K, committed 127168K, reserved 1163264K
  class space    used 16416K, committed 16832K, reserved 1048576K
}
Event: 267.518 GC heap after
{Heap after GC invocations=112 (full 0):
 garbage-first heap   total 272384K, used 168845K [0x0000000080000000, 0x0000000100000000)
  region size 1024K, 11 young (11264K), 11 survivors (11264K)
 Metaspace       used 126306K, committed 127168K, reserved 1163264K
  class space    used 16416K, committed 16832K, reserved 1048576K
}
Event: 267.562 GC heap before
{Heap before GC invocations=112 (full 0):
 garbage-first heap   total 272384K, used 197517K [0x0000000080000000, 0x0000000100000000)
  region size 1024K, 22 young (22528K), 11 survivors (11264K)
 Metaspace       used 126311K, committed 127168K, reserved 1163264K
  class space    used 16416K, committed 16832K, reserved 1048576K
}
Event: 267.583 GC heap after
{Heap after GC invocations=113 (full 0):
 garbage-first heap   total 272384K, used 184757K [0x0000000080000000, 0x0000000100000000)
  region size 1024K, 5 young (5120K), 5 survivors (5120K)
 Metaspace       used 126311K, committed 127168K, reserved 1163264K
  class space    used 16416K, committed 16832K, reserved 1048576K
}
Event: 268.745 GC heap before
{Heap before GC invocations=114 (full 0):
 garbage-first heap   total 314368K, used 218549K [0x0000000080000000, 0x0000000100000000)
  region size 1024K, 43 young (44032K), 5 survivors (5120K)
 Metaspace       used 126363K, committed 127232K, reserved 1163264K
  class space    used 16422K, committed 16832K, reserved 1048576K
}
Event: 268.862 GC heap after
{Heap after GC invocations=115 (full 0):
 garbage-first heap   total 314368K, used 190254K [0x0000000080000000, 0x0000000100000000)
  region size 1024K, 6 young (6144K), 6 survivors (6144K)
 Metaspace       used 126363K, committed 127232K, reserved 1163264K
  class space    used 16422K, committed 16832K, reserved 1048576K
}
Event: 269.109 GC heap before
{Heap before GC invocations=115 (full 0):
 garbage-first heap   total 314368K, used 201518K [0x0000000080000000, 0x0000000100000000)
  region size 1024K, 15 young (15360K), 6 survivors (6144K)
 Metaspace       used 126363K, committed 127232K, reserved 1163264K
  class space    used 16422K, committed 16832K, reserved 1048576K
}
Event: 269.167 GC heap after
{Heap after GC invocations=116 (full 0):
 garbage-first heap   total 314368K, used 186368K [0x0000000080000000, 0x0000000100000000)
  region size 1024K, 2 young (2048K), 2 survivors (2048K)
 Metaspace       used 126363K, committed 127232K, reserved 1163264K
  class space    used 16422K, committed 16832K, reserved 1048576K
}
Event: 271.050 GC heap before
{Heap before GC invocations=116 (full 0):
 garbage-first heap   total 314368K, used 244736K [0x0000000080000000, 0x0000000100000000)
  region size 1024K, 60 young (61440K), 2 survivors (2048K)
 Metaspace       used 126638K, committed 127552K, reserved 1163264K
  class space    used 16451K, committed 16896K, reserved 1048576K
}
Event: 271.165 GC heap after
{Heap after GC invocations=117 (full 0):
 garbage-first heap   total 314368K, used 215552K [0x0000000080000000, 0x0000000100000000)
  region size 1024K, 8 young (8192K), 8 survivors (8192K)
 Metaspace       used 126638K, committed 127552K, reserved 1163264K
  class space    used 16451K, committed 16896K, reserved 1048576K
}
Event: 271.805 GC heap before
{Heap before GC invocations=117 (full 0):
 garbage-first heap   total 314368K, used 249344K [0x0000000080000000, 0x0000000100000000)
  region size 1024K, 41 young (41984K), 8 survivors (8192K)
 Metaspace       used 126642K, committed 127552K, reserved 1163264K
  class space    used 16451K, committed 16896K, reserved 1048576K
}

