# JRE version: OpenJDK Runtime Environment 21.9 (17.0.3+6) (build 17.0.3+6-LTS)
# Java VM: OpenJDK 64-Bit Server VM 21.9 (17.0.3+6-LTS, mixed mode, sharing, tiered, compressed oops, compressed class ptrs, g1 gc, windows-amd64)
GC Precious Log:
 CPUs: 2 total, 2 available
 Memory: 7995M
 Large Page Support: Disabled
 NUMA Support: Disabled
 Compressed Oops: Enabled (32-bit)
 Heap Region Size: 1M
 Heap Min Capacity: 8M
 Heap Initial Capacity: 126M
 Heap Max Capacity: 2G
 Pre-touch: Disabled
 Parallel Workers: 2
 Concurrent Workers: 1
 Concurrent Refinement Workers: 2
 Periodic GC: Disabled
Heap:
 garbage-first heap   total 311296K, used 238592K [0x0000000080000000, 0x0000000100000000)
  region size 1024K, 5 young (5120K), 5 survivors (5120K)
 Metaspace       used 142728K, committed 143616K, reserved 1179648K
  class space    used 18249K, committed 18688K, reserved 1048576K
GC Heap History (20 events):
Event: 521.715 GC heap after
{Heap after GC invocations=93 (full 0):
 garbage-first heap   total 288768K, used 135518K [0x0000000080000000, 0x0000000100000000)
  region size 1024K, 2 young (2048K), 2 survivors (2048K)
 Metaspace       used 133537K, committed 134400K, reserved 1171456K
  class space    used 17165K, committed 17600K, reserved 1048576K
}
Event: 522.071 GC heap before
{Heap before GC invocations=93 (full 0):
 garbage-first heap   total 288768K, used 154974K [0x0000000080000000, 0x0000000100000000)
  region size 1024K, 22 young (22528K), 2 survivors (2048K)
 Metaspace       used 133539K, committed 134400K, reserved 1171456K
  class space    used 17165K, committed 17600K, reserved 1048576K
}
Event: 522.084 GC heap after
{Heap after GC invocations=94 (full 0):
 garbage-first heap   total 288768K, used 137060K [0x0000000080000000, 0x0000000100000000)
  region size 1024K, 4 young (4096K), 4 survivors (4096K)
 Metaspace       used 133539K, committed 134400K, reserved 1171456K
  class space    used 17165K, committed 17600K, reserved 1048576K
}
Event: 524.963 GC heap before
{Heap before GC invocations=95 (full 0):
 garbage-first heap   total 288768K, used 250724K [0x0000000080000000, 0x0000000100000000)
  region size 1024K, 115 young (117760K), 4 survivors (4096K)
 Metaspace       used 133547K, committed 134400K, reserved 1171456K
  class space    used 17165K, committed 17600K, reserved 1048576K
}
Event: 524.977 GC heap after
{Heap after GC invocations=96 (full 0):
 garbage-first heap   total 288768K, used 135272K [0x0000000080000000, 0x0000000100000000)
  region size 1024K, 2 young (2048K), 2 survivors (2048K)
 Metaspace       used 133547K, committed 134400K, reserved 1171456K
  class space    used 17165K, committed 17600K, reserved 1048576K
}
Event: 525.269 GC heap before
{Heap before GC invocations=96 (full 0):
 garbage-first heap   total 288768K, used 147560K [0x0000000080000000, 0x0000000100000000)
  region size 1024K, 14 young (14336K), 2 survivors (2048K)
 Metaspace       used 133547K, committed 134400K, reserved 1171456K
  class space    used 17165K, committed 17600K, reserved 1048576K
}
Event: 525.280 GC heap after
{Heap after GC invocations=97 (full 0):
 garbage-first heap   total 288768K, used 132056K [0x0000000080000000, 0x0000000100000000)
  region size 1024K, 1 young (1024K), 1 survivors (1024K)
 Metaspace       used 133547K, committed 134400K, reserved 1171456K
  class space    used 17165K, committed 17600K, reserved 1048576K
}
Event: 530.933 GC heap before
{Heap before GC invocations=97 (full 0):
 garbage-first heap   total 288768K, used 254936K [0x0000000080000000, 0x0000000100000000)
  region size 1024K, 118 young (120832K), 1 survivors (1024K)
 Metaspace       used 135265K, committed 136128K, reserved 1171456K
  class space    used 17355K, committed 17792K, reserved 1048576K
}
Event: 530.955 GC heap after
{Heap after GC invocations=98 (full 0):
 garbage-first heap   total 288768K, used 141958K [0x0000000080000000, 0x0000000100000000)
  region size 1024K, 6 young (6144K), 6 survivors (6144K)
 Metaspace       used 135265K, committed 136128K, reserved 1171456K
  class space    used 17355K, committed 17792K, reserved 1048576K
}
Event: 534.499 GC heap before
{Heap before GC invocations=98 (full 0):
 garbage-first heap   total 288768K, used 235142K [0x0000000080000000, 0x0000000100000000)
  region size 1024K, 99 young (101376K), 6 survivors (6144K)
 Metaspace       used 135278K, committed 136128K, reserved 1171456K
  class space    used 17355K, committed 17792K, reserved 1048576K
}
Event: 534.529 GC heap after
{Heap after GC invocations=99 (full 0):
 garbage-first heap   total 288768K, used 145761K [0x0000000080000000, 0x0000000100000000)
  region size 1024K, 10 young (10240K), 10 survivors (10240K)
 Metaspace       used 135278K, committed 136128K, reserved 1171456K
  class space    used 17355K, committed 17792K, reserved 1048576K
}
Event: 535.209 GC heap before
{Heap before GC invocations=99 (full 0):
 garbage-first heap   total 288768K, used 154977K [0x0000000080000000, 0x0000000100000000)
  region size 1024K, 18 young (18432K), 10 survivors (10240K)
 Metaspace       used 135378K, committed 136256K, reserved 1171456K
  class space    used 17372K, committed 17856K, reserved 1048576K
}
Event: 535.230 GC heap after
{Heap after GC invocations=100 (full 0):
 garbage-first heap   total 288768K, used 147748K [0x0000000080000000, 0x0000000100000000)
  region size 1024K, 4 young (4096K), 4 survivors (4096K)
 Metaspace       used 135378K, committed 136256K, reserved 1171456K
  class space    used 17372K, committed 17856K, reserved 1048576K
}
Event: 538.778 GC heap before
{Heap before GC invocations=101 (full 0):
 garbage-first heap   total 288768K, used 272676K [0x0000000080000000, 0x0000000100000000)
  region size 1024K, 92 young (94208K), 4 survivors (4096K)
 Metaspace       used 141340K, committed 142272K, reserved 1179648K
  class space    used 18147K, committed 18624K, reserved 1048576K
}
Event: 538.935 GC heap after
{Heap after GC invocations=102 (full 0):
 garbage-first heap   total 311296K, used 198955K [0x0000000080000000, 0x0000000100000000)
  region size 1024K, 12 young (12288K), 12 survivors (12288K)
 Metaspace       used 141340K, committed 142272K, reserved 1179648K
  class space    used 18147K, committed 18624K, reserved 1048576K
}
Event: 539.200 GC heap before
{Heap before GC invocations=102 (full 0):
 garbage-first heap   total 311296K, used 202027K [0x0000000080000000, 0x0000000100000000)
  region size 1024K, 15 young (15360K), 12 survivors (12288K)
 Metaspace       used 141868K, committed 142784K, reserved 1179648K
  class space    used 18206K, committed 18688K, reserved 1048576K
}
Event: 539.256 GC heap after
{Heap after GC invocations=103 (full 0):
 garbage-first heap   total 311296K, used 196096K [0x0000000080000000, 0x0000000100000000)
  region size 1024K, 1 young (1024K), 1 survivors (1024K)
 Metaspace       used 141868K, committed 142784K, reserved 1179648K
  class space    used 18206K, committed 18688K, reserved 1048576K
}
Event: 541.057 GC heap before
{Heap before GC invocations=103 (full 0):
 garbage-first heap   total 311296K, used 251392K [0x0000000080000000, 0x0000000100000000)
  region size 1024K, 54 young (55296K), 1 survivors (1024K)
 Metaspace       used 142697K, committed 143616K, reserved 1179648K
  class space    used 18246K, committed 18688K, reserved 1048576K
}
Event: 541.162 GC heap after
{Heap after GC invocations=104 (full 0):
 garbage-first heap   total 311296K, used 224256K [0x0000000080000000, 0x0000000100000000)
  region size 1024K, 7 young (7168K), 7 survivors (7168K)
 Metaspace       used 142697K, committed 143616K, reserved 1179648K
  class space    used 18246K, committed 18688K, reserved 1048576K
}
Event: 541.951 GC heap before
{Heap before GC invocations=104 (full 0):
 garbage-first heap   total 311296K, used 253952K [0x0000000080000000, 0x0000000100000000)
  region size 1024K, 36 young (36864K), 7 survivors (7168K)
 Metaspace       used 142728K, committed 143616K, reserved 1179648K
  class space    used 18249K, committed 18688K, reserved 1048576K
}

