# JRE version: OpenJDK Runtime Environment 21.9 (17.0.3+6) (build 17.0.3+6-LTS)
# Java VM: OpenJDK 64-Bit Server VM 21.9 (17.0.3+6-LTS, mixed mode, sharing, tiered, compressed oops, compressed class ptrs, g1 gc, windows-amd64)
GC Precious Log:
 CPUs: 2 total, 2 available
 Memory: 7995M
 Large Page Support: Disabled
 NUMA Support: Disabled
 Compressed Oops: Enabled (32-bit)
 Heap Region Size: 1M
 Heap Min Capacity: 8M
 Heap Initial Capacity: 126M
 Heap Max Capacity: 2G
 Pre-touch: Disabled
 Parallel Workers: 2
 Concurrent Workers: 1
 Concurrent Refinement Workers: 2
 Periodic GC: Disabled
Heap:
 garbage-first heap   total 214016K, used 130701K [0x0000000080000000, 0x0000000100000000)
  region size 1024K, 6 young (6144K), 6 survivors (6144K)
 Metaspace       used 100746K, committed 101376K, reserved 1138688K
  class space    used 13392K, committed 13696K, reserved 1048576K
GC Heap History (20 events):
Event: 109.895 GC heap after
{Heap after GC invocations=39 (full 0):
 garbage-first heap   total 112640K, used 90273K [0x0000000080000000, 0x0000000100000000)
  region size 1024K, 2 young (2048K), 2 survivors (2048K)
 Metaspace       used 82859K, committed 83520K, reserved 1122304K
  class space    used 11461K, committed 11776K, reserved 1048576K
}
Event: 109.932 GC heap before
{Heap before GC invocations=39 (full 0):
 garbage-first heap   total 112640K, used 95393K [0x0000000080000000, 0x0000000100000000)
  region size 1024K, 7 young (7168K), 2 survivors (2048K)
 Metaspace       used 82859K, committed 83520K, reserved 1122304K
  class space    used 11461K, committed 11776K, reserved 1048576K
}
Event: 109.943 GC heap after
{Heap after GC invocations=40 (full 0):
 garbage-first heap   total 112640K, used 91905K [0x0000000080000000, 0x0000000100000000)
  region size 1024K, 1 young (1024K), 1 survivors (1024K)
 Metaspace       used 82859K, committed 83520K, reserved 1122304K
  class space    used 11461K, committed 11776K, reserved 1048576K
}
Event: 110.573 GC heap before
{Heap before GC invocations=41 (full 0):
 garbage-first heap   total 155648K, used 98049K [0x0000000080000000, 0x0000000100000000)
  region size 1024K, 7 young (7168K), 1 survivors (1024K)
 Metaspace       used 82859K, committed 83520K, reserved 1122304K
  class space    used 11461K, committed 11776K, reserved 1048576K
}
Event: 110.583 GC heap after
{Heap after GC invocations=42 (full 0):
 garbage-first heap   total 155648K, used 93450K [0x0000000080000000, 0x0000000100000000)
  region size 1024K, 1 young (1024K), 1 survivors (1024K)
 Metaspace       used 82859K, committed 83520K, reserved 1122304K
  class space    used 11461K, committed 11776K, reserved 1048576K
}
Event: 110.713 GC heap before
{Heap before GC invocations=42 (full 0):
 garbage-first heap   total 155648K, used 98570K [0x0000000080000000, 0x0000000100000000)
  region size 1024K, 7 young (7168K), 1 survivors (1024K)
 Metaspace       used 82931K, committed 83712K, reserved 1122304K
  class space    used 11465K, committed 11840K, reserved 1048576K
}
Event: 110.733 GC heap after
{Heap after GC invocations=43 (full 0):
 garbage-first heap   total 187392K, used 95258K [0x0000000080000000, 0x0000000100000000)
  region size 1024K, 1 young (1024K), 1 survivors (1024K)
 Metaspace       used 82931K, committed 83712K, reserved 1122304K
  class space    used 11465K, committed 11840K, reserved 1048576K
}
Event: 113.480 GC heap before
{Heap before GC invocations=43 (full 0):
 garbage-first heap   total 187392K, used 142362K [0x0000000080000000, 0x0000000100000000)
  region size 1024K, 47 young (48128K), 1 survivors (1024K)
 Metaspace       used 82960K, committed 83712K, reserved 1122304K
  class space    used 11466K, committed 11840K, reserved 1048576K
}
Event: 113.577 GC heap after
{Heap after GC invocations=44 (full 0):
 garbage-first heap   total 187392K, used 106199K [0x0000000080000000, 0x0000000100000000)
  region size 1024K, 6 young (6144K), 6 survivors (6144K)
 Metaspace       used 82960K, committed 83712K, reserved 1122304K
  class space    used 11466K, committed 11840K, reserved 1048576K
}
Event: 116.406 GC heap before
{Heap before GC invocations=44 (full 0):
 garbage-first heap   total 187392K, used 144087K [0x0000000080000000, 0x0000000100000000)
  region size 1024K, 43 young (44032K), 6 survivors (6144K)
 Metaspace       used 85063K, committed 85696K, reserved 1130496K
  class space    used 11714K, committed 12032K, reserved 1048576K
}
Event: 116.479 GC heap after
{Heap after GC invocations=45 (full 0):
 garbage-first heap   total 187392K, used 113041K [0x0000000080000000, 0x0000000100000000)
  region size 1024K, 6 young (6144K), 6 survivors (6144K)
 Metaspace       used 85063K, committed 85696K, reserved 1130496K
  class space    used 11714K, committed 12032K, reserved 1048576K
}
Event: 119.787 GC heap before
{Heap before GC invocations=45 (full 0):
 garbage-first heap   total 187392K, used 151953K [0x0000000080000000, 0x0000000100000000)
  region size 1024K, 39 young (39936K), 6 survivors (6144K)
 Metaspace       used 87879K, committed 88576K, reserved 1130496K
  class space    used 11984K, committed 12352K, reserved 1048576K
}
Event: 119.817 GC heap after
{Heap after GC invocations=46 (full 0):
 garbage-first heap   total 187392K, used 124817K [0x0000000080000000, 0x0000000100000000)
  region size 1024K, 5 young (5120K), 5 survivors (5120K)
 Metaspace       used 87879K, committed 88576K, reserved 1130496K
  class space    used 11984K, committed 12352K, reserved 1048576K
}
Event: 122.630 GC heap before
{Heap before GC invocations=46 (full 0):
 garbage-first heap   total 187392K, used 152465K [0x0000000080000000, 0x0000000100000000)
  region size 1024K, 32 young (32768K), 5 survivors (5120K)
 Metaspace       used 91430K, committed 92096K, reserved 1130496K
  class space    used 12306K, committed 12672K, reserved 1048576K
}
Event: 122.652 GC heap after
{Heap after GC invocations=47 (full 0):
 garbage-first heap   total 187392K, used 127510K [0x0000000080000000, 0x0000000100000000)
  region size 1024K, 3 young (3072K), 3 survivors (3072K)
 Metaspace       used 91430K, committed 92096K, reserved 1130496K
  class space    used 12306K, committed 12672K, reserved 1048576K
}
Event: 127.891 GC heap before
{Heap before GC invocations=48 (full 0):
 garbage-first heap   total 214016K, used 150038K [0x0000000080000000, 0x0000000100000000)
  region size 1024K, 28 young (28672K), 3 survivors (3072K)
 Metaspace       used 94996K, committed 95680K, reserved 1138688K
  class space    used 12667K, committed 12992K, reserved 1048576K
}
Event: 127.906 GC heap after
{Heap after GC invocations=49 (full 0):
 garbage-first heap   total 214016K, used 127113K [0x0000000080000000, 0x0000000100000000)
  region size 1024K, 2 young (2048K), 2 survivors (2048K)
 Metaspace       used 94996K, committed 95680K, reserved 1138688K
  class space    used 12667K, committed 12992K, reserved 1048576K
}
Event: 128.529 GC heap before
{Heap before GC invocations=49 (full 0):
 garbage-first heap   total 214016K, used 135305K [0x0000000080000000, 0x0000000100000000)
  region size 1024K, 10 young (10240K), 2 survivors (2048K)
 Metaspace       used 95973K, committed 96640K, reserved 1138688K
  class space    used 12796K, committed 13120K, reserved 1048576K
}
Event: 128.553 GC heap after
{Heap after GC invocations=50 (full 0):
 garbage-first heap   total 214016K, used 125405K [0x0000000080000000, 0x0000000100000000)
  region size 1024K, 1 young (1024K), 1 survivors (1024K)
 Metaspace       used 95973K, committed 96640K, reserved 1138688K
  class space    used 12796K, committed 13120K, reserved 1048576K
}
Event: 132.368 GC heap before
{Heap before GC invocations=50 (full 0):
 garbage-first heap   total 214016K, used 173533K [0x0000000080000000, 0x0000000100000000)
  region size 1024K, 47 young (48128K), 1 survivors (1024K)
 Metaspace       used 100746K, committed 101376K, reserved 1138688K
  class space    used 13392K, committed 13696K, reserved 1048576K
}

