# JRE version: OpenJDK Runtime Environment 21.9 (17.0.3+6) (build 17.0.3+6-LTS)
# Java VM: OpenJDK 64-Bit Server VM 21.9 (17.0.3+6-LTS, mixed mode, sharing, tiered, compressed oops, compressed class ptrs, g1 gc, windows-amd64)
GC Precious Log:
 CPUs: 2 total, 2 available
 Memory: 7995M
 Large Page Support: Disabled
 NUMA Support: Disabled
 Compressed Oops: Enabled (32-bit)
 Heap Region Size: 1M
 Heap Min Capacity: 8M
 Heap Initial Capacity: 126M
 Heap Max Capacity: 2G
 Pre-touch: Disabled
 Parallel Workers: 2
 Concurrent Workers: 1
 Concurrent Refinement Workers: 2
 Periodic GC: Disabled
Heap:
 garbage-first heap   total 307200K, used 210943K [0x0000000080000000, 0x0000000100000000)
  region size 1024K, 8 young (8192K), 8 survivors (8192K)
 Metaspace       used 130994K, committed 132032K, reserved 1163264K
  class space    used 17948K, committed 18432K, reserved 1048576K
GC Heap History (20 events):
Event: 150.766 GC heap after
{Heap after GC invocations=42 (full 0):
 garbage-first heap   total 211968K, used 117608K [0x0000000080000000, 0x0000000100000000)
  region size 1024K, 4 young (4096K), 4 survivors (4096K)
 Metaspace       used 104972K, committed 105856K, reserved 1146880K
  class space    used 14327K, committed 14720K, reserved 1048576K
}
Event: 157.163 GC heap before
{Heap before GC invocations=42 (full 0):
 garbage-first heap   total 211968K, used 179048K [0x0000000080000000, 0x0000000100000000)
  region size 1024K, 60 young (61440K), 4 survivors (4096K)
 Metaspace       used 109046K, committed 110016K, reserved 1146880K
  class space    used 15012K, committed 15488K, reserved 1048576K
}
Event: 157.200 GC heap after
{Heap after GC invocations=43 (full 0):
 garbage-first heap   total 211968K, used 130506K [0x0000000080000000, 0x0000000100000000)
  region size 1024K, 8 young (8192K), 8 survivors (8192K)
 Metaspace       used 109046K, committed 110016K, reserved 1146880K
  class space    used 15012K, committed 15488K, reserved 1048576K
}
Event: 158.965 GC heap before
{Heap before GC invocations=43 (full 0):
 garbage-first heap   total 211968K, used 160202K [0x0000000080000000, 0x0000000100000000)
  region size 1024K, 28 young (28672K), 8 survivors (8192K)
 Metaspace       used 114147K, committed 115072K, reserved 1155072K
  class space    used 15491K, committed 15936K, reserved 1048576K
}
Event: 159.001 GC heap after
{Heap after GC invocations=44 (full 0):
 garbage-first heap   total 211968K, used 134760K [0x0000000080000000, 0x0000000100000000)
  region size 1024K, 2 young (2048K), 2 survivors (2048K)
 Metaspace       used 114147K, committed 115072K, reserved 1155072K
  class space    used 15491K, committed 15936K, reserved 1048576K
}
Event: 159.057 GC heap before
{Heap before GC invocations=44 (full 0):
 garbage-first heap   total 211968K, used 145000K [0x0000000080000000, 0x0000000100000000)
  region size 1024K, 3 young (3072K), 2 survivors (2048K)
 Metaspace       used 114147K, committed 115072K, reserved 1155072K
  class space    used 15491K, committed 15936K, reserved 1048576K
}
Event: 159.064 GC heap after
{Heap after GC invocations=45 (full 0):
 garbage-first heap   total 211968K, used 134224K [0x0000000080000000, 0x0000000100000000)
  region size 1024K, 2 young (2048K), 2 survivors (2048K)
 Metaspace       used 114147K, committed 115072K, reserved 1155072K
  class space    used 15491K, committed 15936K, reserved 1048576K
}
Event: 159.095 GC heap before
{Heap before GC invocations=45 (full 0):
 garbage-first heap   total 211968K, used 142416K [0x0000000080000000, 0x0000000100000000)
  region size 1024K, 3 young (3072K), 2 survivors (2048K)
 Metaspace       used 114147K, committed 115072K, reserved 1155072K
  class space    used 15491K, committed 15936K, reserved 1048576K
}
Event: 159.108 GC heap after
{Heap after GC invocations=46 (full 0):
 garbage-first heap   total 254976K, used 134223K [0x0000000080000000, 0x0000000100000000)
  region size 1024K, 2 young (2048K), 2 survivors (2048K)
 Metaspace       used 114147K, committed 115072K, reserved 1155072K
  class space    used 15491K, committed 15936K, reserved 1048576K
}
Event: 165.399 GC heap before
{Heap before GC invocations=46 (full 0):
 garbage-first heap   total 254976K, used 214095K [0x0000000080000000, 0x0000000100000000)
  region size 1024K, 76 young (77824K), 2 survivors (2048K)
 Metaspace       used 126039K, committed 126976K, reserved 1163264K
  class space    used 16884K, committed 17344K, reserved 1048576K
}
Event: 165.425 GC heap after
{Heap after GC invocations=47 (full 0):
 garbage-first heap   total 254976K, used 135919K [0x0000000080000000, 0x0000000100000000)
  region size 1024K, 6 young (6144K), 6 survivors (6144K)
 Metaspace       used 126039K, committed 126976K, reserved 1163264K
  class space    used 16884K, committed 17344K, reserved 1048576K
}
Event: 165.491 GC heap before
{Heap before GC invocations=47 (full 0):
 garbage-first heap   total 254976K, used 150255K [0x0000000080000000, 0x0000000100000000)
  region size 1024K, 10 young (10240K), 6 survivors (6144K)
 Metaspace       used 126303K, committed 127296K, reserved 1163264K
  class space    used 16907K, committed 17408K, reserved 1048576K
}
Event: 165.512 GC heap after
{Heap after GC invocations=48 (full 0):
 garbage-first heap   total 254976K, used 149934K [0x0000000080000000, 0x0000000100000000)
  region size 1024K, 7 young (7168K), 7 survivors (7168K)
 Metaspace       used 126303K, committed 127296K, reserved 1163264K
  class space    used 16907K, committed 17408K, reserved 1048576K
}
Event: 165.515 GC heap before
{Heap before GC invocations=48 (full 0):
 garbage-first heap   total 254976K, used 153006K [0x0000000080000000, 0x0000000100000000)
  region size 1024K, 8 young (8192K), 7 survivors (7168K)
 Metaspace       used 126304K, committed 127296K, reserved 1163264K
  class space    used 16907K, committed 17408K, reserved 1048576K
}
Event: 165.531 GC heap after
{Heap after GC invocations=49 (full 0):
 garbage-first heap   total 254976K, used 153290K [0x0000000080000000, 0x0000000100000000)
  region size 1024K, 2 young (2048K), 2 survivors (2048K)
 Metaspace       used 126304K, committed 127296K, reserved 1163264K
  class space    used 16907K, committed 17408K, reserved 1048576K
}
Event: 170.224 GC heap before
{Heap before GC invocations=50 (full 0):
 garbage-first heap   total 307200K, used 243402K [0x0000000080000000, 0x0000000100000000)
  region size 1024K, 64 young (65536K), 2 survivors (2048K)
 Metaspace       used 127598K, committed 128576K, reserved 1163264K
  class space    used 17050K, committed 17536K, reserved 1048576K
}
Event: 170.339 GC heap after
{Heap after GC invocations=51 (full 0):
 garbage-first heap   total 307200K, used 182847K [0x0000000080000000, 0x0000000100000000)
  region size 1024K, 8 young (8192K), 8 survivors (8192K)
 Metaspace       used 127598K, committed 128576K, reserved 1163264K
  class space    used 17050K, committed 17536K, reserved 1048576K
}
Event: 170.917 GC heap before
{Heap before GC invocations=51 (full 0):
 garbage-first heap   total 307200K, used 190015K [0x0000000080000000, 0x0000000100000000)
  region size 1024K, 15 young (15360K), 8 survivors (8192K)
 Metaspace       used 128519K, committed 129536K, reserved 1163264K
  class space    used 17291K, committed 17792K, reserved 1048576K
}
Event: 170.981 GC heap after
{Heap after GC invocations=52 (full 0):
 garbage-first heap   total 307200K, used 183285K [0x0000000080000000, 0x0000000100000000)
  region size 1024K, 2 young (2048K), 2 survivors (2048K)
 Metaspace       used 128519K, committed 129536K, reserved 1163264K
  class space    used 17291K, committed 17792K, reserved 1048576K
}
Event: 174.613 GC heap before
{Heap before GC invocations=52 (full 0):
 garbage-first heap   total 307200K, used 242677K [0x0000000080000000, 0x0000000100000000)
  region size 1024K, 61 young (62464K), 2 survivors (2048K)
 Metaspace       used 130994K, committed 132032K, reserved 1163264K
  class space    used 17948K, committed 18432K, reserved 1048576K
}

