# JRE version: OpenJDK Runtime Environment 21.9 (17.0.3+6) (build 17.0.3+6-LTS)
# Java VM: OpenJDK 64-Bit Server VM 21.9 (17.0.3+6-LTS, mixed mode, sharing, tiered, compressed oops, compressed class ptrs, g1 gc, windows-amd64)
GC Precious Log:
 CPUs: 2 total, 2 available
 Memory: 7995M
 Large Page Support: Disabled
 NUMA Support: Disabled
 Compressed Oops: Enabled (32-bit)
 Heap Region Size: 1M
 Heap Min Capacity: 8M
 Heap Initial Capacity: 126M
 Heap Max Capacity: 2G
 Pre-touch: Disabled
 Parallel Workers: 2
 Concurrent Workers: 1
 Concurrent Refinement Workers: 2
 Periodic GC: Disabled
Heap:
 garbage-first heap   total 214016K, used 120173K [0x0000000080000000, 0x0000000100000000)
  region size 1024K, 5 young (5120K), 5 survivors (5120K)
 Metaspace       used 103178K, committed 103808K, reserved 1146880K
  class space    used 13092K, committed 13440K, reserved 1048576K
GC Heap History (20 events):
Event: 357.791 GC heap after
{Heap after GC invocations=35 (full 0):
 garbage-first heap   total 163840K, used 90801K [0x0000000080000000, 0x0000000100000000)
  region size 1024K, 5 young (5120K), 5 survivors (5120K)
 Metaspace       used 94777K, committed 95296K, reserved 1138688K
  class space    used 12006K, committed 12224K, reserved 1048576K
}
Event: 362.945 GC heap before
{Heap before GC invocations=36 (full 0):
 garbage-first heap   total 163840K, used 131761K [0x0000000080000000, 0x0000000100000000)
  region size 1024K, 48 young (49152K), 5 survivors (5120K)
 Metaspace       used 96810K, committed 97408K, reserved 1138688K
  class space    used 12247K, committed 12480K, reserved 1048576K
}
Event: 362.973 GC heap after
{Heap after GC invocations=37 (full 0):
 garbage-first heap   total 163840K, used 91727K [0x0000000080000000, 0x0000000100000000)
  region size 1024K, 5 young (5120K), 5 survivors (5120K)
 Metaspace       used 96810K, committed 97408K, reserved 1138688K
  class space    used 12247K, committed 12480K, reserved 1048576K
}
Event: 363.262 GC heap before
{Heap before GC invocations=37 (full 0):
 garbage-first heap   total 163840K, used 94799K [0x0000000080000000, 0x0000000100000000)
  region size 1024K, 8 young (8192K), 5 survivors (5120K)
 Metaspace       used 96978K, committed 97600K, reserved 1138688K
  class space    used 12281K, committed 12544K, reserved 1048576K
}
Event: 363.296 GC heap after
{Heap after GC invocations=38 (full 0):
 garbage-first heap   total 163840K, used 83764K [0x0000000080000000, 0x0000000100000000)
  region size 1024K, 1 young (1024K), 1 survivors (1024K)
 Metaspace       used 96978K, committed 97600K, reserved 1138688K
  class space    used 12281K, committed 12544K, reserved 1048576K
}
Event: 369.960 GC heap before
{Heap before GC invocations=38 (full 0):
 garbage-first heap   total 163840K, used 132916K [0x0000000080000000, 0x0000000100000000)
  region size 1024K, 49 young (50176K), 1 survivors (1024K)
 Metaspace       used 101526K, committed 102144K, reserved 1138688K
  class space    used 12967K, committed 13248K, reserved 1048576K
}
Event: 369.979 GC heap after
{Heap after GC invocations=39 (full 0):
 garbage-first heap   total 163840K, used 87570K [0x0000000080000000, 0x0000000100000000)
  region size 1024K, 5 young (5120K), 5 survivors (5120K)
 Metaspace       used 101526K, committed 102144K, reserved 1138688K
  class space    used 12967K, committed 13248K, reserved 1048576K
}
Event: 374.308 GC heap before
{Heap before GC invocations=39 (full 0):
 garbage-first heap   total 163840K, used 138770K [0x0000000080000000, 0x0000000100000000)
  region size 1024K, 51 young (52224K), 5 survivors (5120K)
 Metaspace       used 102445K, committed 103040K, reserved 1138688K
  class space    used 13054K, committed 13376K, reserved 1048576K
}
Event: 374.342 GC heap after
{Heap after GC invocations=40 (full 0):
 garbage-first heap   total 163840K, used 94987K [0x0000000080000000, 0x0000000100000000)
  region size 1024K, 7 young (7168K), 7 survivors (7168K)
 Metaspace       used 102445K, committed 103040K, reserved 1138688K
  class space    used 13054K, committed 13376K, reserved 1048576K
}
Event: 375.096 GC heap before
{Heap before GC invocations=40 (full 0):
 garbage-first heap   total 163840K, used 136971K [0x0000000080000000, 0x0000000100000000)
  region size 1024K, 44 young (45056K), 7 survivors (7168K)
 Metaspace       used 102453K, committed 103040K, reserved 1138688K
  class space    used 13054K, committed 13376K, reserved 1048576K
}
Event: 375.139 GC heap after
{Heap after GC invocations=41 (full 0):
 garbage-first heap   total 163840K, used 105846K [0x0000000080000000, 0x0000000100000000)
  region size 1024K, 6 young (6144K), 6 survivors (6144K)
 Metaspace       used 102453K, committed 103040K, reserved 1138688K
  class space    used 13054K, committed 13376K, reserved 1048576K
}
Event: 378.310 GC heap before
{Heap before GC invocations=41 (full 0):
 garbage-first heap   total 163840K, used 139638K [0x0000000080000000, 0x0000000100000000)
  region size 1024K, 31 young (31744K), 6 survivors (6144K)
 Metaspace       used 102493K, committed 103104K, reserved 1138688K
  class space    used 13054K, committed 13376K, reserved 1048576K
}
Event: 378.332 GC heap after
{Heap after GC invocations=42 (full 0):
 garbage-first heap   total 163840K, used 120651K [0x0000000080000000, 0x0000000100000000)
  region size 1024K, 4 young (4096K), 4 survivors (4096K)
 Metaspace       used 102493K, committed 103104K, reserved 1138688K
  class space    used 13054K, committed 13376K, reserved 1048576K
}
Event: 379.793 GC heap before
{Heap before GC invocations=42 (full 0):
 garbage-first heap   total 163840K, used 138059K [0x0000000080000000, 0x0000000100000000)
  region size 1024K, 20 young (20480K), 4 survivors (4096K)
 Metaspace       used 102614K, committed 103232K, reserved 1138688K
  class space    used 13059K, committed 13376K, reserved 1048576K
}
Event: 379.807 GC heap after
{Heap after GC invocations=43 (full 0):
 garbage-first heap   total 163840K, used 123449K [0x0000000080000000, 0x0000000100000000)
  region size 1024K, 3 young (3072K), 3 survivors (3072K)
 Metaspace       used 102614K, committed 103232K, reserved 1138688K
  class space    used 13059K, committed 13376K, reserved 1048576K
}
Event: 380.327 GC heap before
{Heap before GC invocations=44 (full 0):
 garbage-first heap   total 214016K, used 134713K [0x0000000080000000, 0x0000000100000000)
  region size 1024K, 17 young (17408K), 3 survivors (3072K)
 Metaspace       used 102615K, committed 103232K, reserved 1138688K
  class space    used 13060K, committed 13376K, reserved 1048576K
}
Event: 380.337 GC heap after
{Heap after GC invocations=45 (full 0):
 garbage-first heap   total 214016K, used 121341K [0x0000000080000000, 0x0000000100000000)
  region size 1024K, 1 young (1024K), 1 survivors (1024K)
 Metaspace       used 102615K, committed 103232K, reserved 1138688K
  class space    used 13060K, committed 13376K, reserved 1048576K
}
Event: 380.458 GC heap before
{Heap before GC invocations=45 (full 0):
 garbage-first heap   total 214016K, used 130557K [0x0000000080000000, 0x0000000100000000)
  region size 1024K, 10 young (10240K), 1 survivors (1024K)
 Metaspace       used 102615K, committed 103232K, reserved 1138688K
  class space    used 13060K, committed 13376K, reserved 1048576K
}
Event: 380.468 GC heap after
{Heap after GC invocations=46 (full 0):
 garbage-first heap   total 214016K, used 116216K [0x0000000080000000, 0x0000000100000000)
  region size 1024K, 1 young (1024K), 1 survivors (1024K)
 Metaspace       used 102615K, committed 103232K, reserved 1138688K
  class space    used 13060K, committed 13376K, reserved 1048576K
}
Event: 602.714 GC heap before
{Heap before GC invocations=46 (full 0):
 garbage-first heap   total 214016K, used 170488K [0x0000000080000000, 0x0000000100000000)
  region size 1024K, 54 young (55296K), 1 survivors (1024K)
 Metaspace       used 103178K, committed 103808K, reserved 1146880K
  class space    used 13092K, committed 13440K, reserved 1048576K
}

