# JRE version: OpenJDK Runtime Environment 21.9 (17.0.3+6) (build 17.0.3+6-LTS)
# Java VM: OpenJDK 64-Bit Server VM 21.9 (17.0.3+6-LTS, mixed mode, sharing, tiered, compressed oops, compressed class ptrs, g1 gc, windows-amd64)
GC Precious Log:
 CPUs: 2 total, 2 available
 Memory: 7995M
 Large Page Support: Disabled
 NUMA Support: Disabled
 Compressed Oops: Enabled (32-bit)
 Heap Region Size: 1M
 Heap Min Capacity: 8M
 Heap Initial Capacity: 126M
 Heap Max Capacity: 2G
 Pre-touch: Disabled
 Parallel Workers: 2
 Concurrent Workers: 1
 Concurrent Refinement Workers: 2
 Periodic GC: Disabled
Heap:
 garbage-first heap   total 220160K, used 135103K [0x0000000080000000, 0x0000000100000000)
  region size 1024K, 12 young (12288K), 5 survivors (5120K)
 Metaspace       used 98876K, committed 99904K, reserved 1138688K
  class space    used 13197K, committed 13696K, reserved 1048576K
GC Heap History (20 events):
Event: 848.462 GC heap before
{Heap before GC invocations=50 (full 0):
 garbage-first heap   total 178176K, used 147456K [0x0000000080000000, 0x0000000100000000)
  region size 1024K, 40 young (40960K), 6 survivors (6144K)
 Metaspace       used 93728K, committed 94592K, reserved 1130496K
  class space    used 12701K, committed 13120K, reserved 1048576K
}
Event: 848.504 GC heap after
{Heap after GC invocations=51 (full 0):
 garbage-first heap   total 178176K, used 117703K [0x0000000080000000, 0x0000000100000000)
  region size 1024K, 4 young (4096K), 4 survivors (4096K)
 Metaspace       used 93728K, committed 94592K, reserved 1130496K
  class space    used 12701K, committed 13120K, reserved 1048576K
}
Event: 851.917 GC heap before
{Heap before GC invocations=52 (full 0):
 garbage-first heap   total 198656K, used 147399K [0x0000000080000000, 0x0000000100000000)
  region size 1024K, 33 young (33792K), 4 survivors (4096K)
 Metaspace       used 93808K, committed 94720K, reserved 1130496K
  class space    used 12712K, committed 13184K, reserved 1048576K
}
Event: 851.961 GC heap after
{Heap after GC invocations=53 (full 0):
 garbage-first heap   total 198656K, used 120582K [0x0000000080000000, 0x0000000100000000)
  region size 1024K, 3 young (3072K), 3 survivors (3072K)
 Metaspace       used 93808K, committed 94720K, reserved 1130496K
  class space    used 12712K, committed 13184K, reserved 1048576K
}
Event: 852.189 GC heap before
{Heap before GC invocations=53 (full 0):
 garbage-first heap   total 198656K, used 125702K [0x0000000080000000, 0x0000000100000000)
  region size 1024K, 9 young (9216K), 3 survivors (3072K)
 Metaspace       used 93810K, committed 94720K, reserved 1130496K
  class space    used 12712K, committed 13184K, reserved 1048576K
}
Event: 852.258 GC heap after
{Heap after GC invocations=54 (full 0):
 garbage-first heap   total 198656K, used 114208K [0x0000000080000000, 0x0000000100000000)
  region size 1024K, 1 young (1024K), 1 survivors (1024K)
 Metaspace       used 93810K, committed 94720K, reserved 1130496K
  class space    used 12712K, committed 13184K, reserved 1048576K
}
Event: 852.311 GC heap before
{Heap before GC invocations=54 (full 0):
 garbage-first heap   total 198656K, used 114208K [0x0000000080000000, 0x0000000100000000)
  region size 1024K, 2 young (2048K), 1 survivors (1024K)
 Metaspace       used 93814K, committed 94720K, reserved 1130496K
  class space    used 12713K, committed 13184K, reserved 1048576K
}
Event: 852.324 GC heap after
{Heap after GC invocations=55 (full 0):
 garbage-first heap   total 198656K, used 114138K [0x0000000080000000, 0x0000000100000000)
  region size 1024K, 1 young (1024K), 1 survivors (1024K)
 Metaspace       used 93814K, committed 94720K, reserved 1130496K
  class space    used 12713K, committed 13184K, reserved 1048576K
}
Event: 858.438 GC heap before
{Heap before GC invocations=56 (full 0):
 garbage-first heap   total 198656K, used 165338K [0x0000000080000000, 0x0000000100000000)
  region size 1024K, 50 young (51200K), 1 survivors (1024K)
 Metaspace       used 94621K, committed 95552K, reserved 1138688K
  class space    used 12742K, committed 13184K, reserved 1048576K
}
Event: 858.458 GC heap after
{Heap after GC invocations=57 (full 0):
 garbage-first heap   total 198656K, used 117011K [0x0000000080000000, 0x0000000100000000)
  region size 1024K, 4 young (4096K), 4 survivors (4096K)
 Metaspace       used 94621K, committed 95552K, reserved 1138688K
  class space    used 12742K, committed 13184K, reserved 1048576K
}
Event: 859.016 GC heap before
{Heap before GC invocations=57 (full 0):
 garbage-first heap   total 198656K, used 122131K [0x0000000080000000, 0x0000000100000000)
  region size 1024K, 9 young (9216K), 4 survivors (4096K)
 Metaspace       used 94626K, committed 95552K, reserved 1138688K
  class space    used 12742K, committed 13184K, reserved 1048576K
}
Event: 859.038 GC heap after
{Heap after GC invocations=58 (full 0):
 garbage-first heap   total 198656K, used 115704K [0x0000000080000000, 0x0000000100000000)
  region size 1024K, 1 young (1024K), 1 survivors (1024K)
 Metaspace       used 94626K, committed 95552K, reserved 1138688K
  class space    used 12742K, committed 13184K, reserved 1048576K
}
Event: 1352.053 GC heap before
{Heap before GC invocations=58 (full 0):
 garbage-first heap   total 198656K, used 163832K [0x0000000080000000, 0x0000000100000000)
  region size 1024K, 49 young (50176K), 1 survivors (1024K)
 Metaspace       used 94819K, committed 95744K, reserved 1138688K
  class space    used 12749K, committed 13184K, reserved 1048576K
}
Event: 1352.073 GC heap after
{Heap after GC invocations=59 (full 0):
 garbage-first heap   total 198656K, used 118777K [0x0000000080000000, 0x0000000100000000)
  region size 1024K, 4 young (4096K), 4 survivors (4096K)
 Metaspace       used 94819K, committed 95744K, reserved 1138688K
  class space    used 12749K, committed 13184K, reserved 1048576K
}
Event: 1356.417 GC heap before
{Heap before GC invocations=60 (full 0):
 garbage-first heap   total 203776K, used 164857K [0x0000000080000000, 0x0000000100000000)
  region size 1024K, 50 young (51200K), 4 survivors (4096K)
 Metaspace       used 95201K, committed 96192K, reserved 1138688K
  class space    used 12777K, committed 13248K, reserved 1048576K
}
Event: 1356.465 GC heap after
{Heap after GC invocations=61 (full 0):
 garbage-first heap   total 203776K, used 125457K [0x0000000080000000, 0x0000000100000000)
  region size 1024K, 7 young (7168K), 7 survivors (7168K)
 Metaspace       used 95201K, committed 96192K, reserved 1138688K
  class space    used 12777K, committed 13248K, reserved 1048576K
}
Event: 1356.698 GC heap before
{Heap before GC invocations=61 (full 0):
 garbage-first heap   total 203776K, used 126481K [0x0000000080000000, 0x0000000100000000)
  region size 1024K, 9 young (9216K), 7 survivors (7168K)
 Metaspace       used 95446K, committed 96384K, reserved 1138688K
  class space    used 12813K, committed 13248K, reserved 1048576K
}
Event: 1356.741 GC heap after
{Heap after GC invocations=62 (full 0):
 garbage-first heap   total 203776K, used 125179K [0x0000000080000000, 0x0000000100000000)
  region size 1024K, 1 young (1024K), 1 survivors (1024K)
 Metaspace       used 95446K, committed 96384K, reserved 1138688K
  class space    used 12813K, committed 13248K, reserved 1048576K
}
Event: 1360.557 GC heap before
{Heap before GC invocations=62 (full 0):
 garbage-first heap   total 203776K, used 167163K [0x0000000080000000, 0x0000000100000000)
  region size 1024K, 43 young (44032K), 1 survivors (1024K)
 Metaspace       used 98784K, committed 99840K, reserved 1138688K
  class space    used 13189K, committed 13696K, reserved 1048576K
}
Event: 1360.598 GC heap after
{Heap after GC invocations=63 (full 0):
 garbage-first heap   total 203776K, used 128959K [0x0000000080000000, 0x0000000100000000)
  region size 1024K, 5 young (5120K), 5 survivors (5120K)
 Metaspace       used 98784K, committed 99840K, reserved 1138688K
  class space    used 13189K, committed 13696K, reserved 1048576K
}

