# JRE version: OpenJDK Runtime Environment 21.9 (17.0.3+6) (build 17.0.3+6-LTS)
# Java VM: OpenJDK 64-Bit Server VM 21.9 (17.0.3+6-LTS, mixed mode, sharing, tiered, compressed oops, compressed class ptrs, g1 gc, windows-amd64)
GC Precious Log:
 CPUs: 2 total, 2 available
 Memory: 7995M
 Large Page Support: Disabled
 NUMA Support: Disabled
 Compressed Oops: Enabled (32-bit)
 Heap Region Size: 1M
 Heap Min Capacity: 8M
 Heap Initial Capacity: 126M
 Heap Max Capacity: 2G
 Pre-touch: Disabled
 Parallel Workers: 2
 Concurrent Workers: 1
 Concurrent Refinement Workers: 2
 Periodic GC: Disabled
Heap:
 garbage-first heap   total 297984K, used 112518K [0x0000000080000000, 0x0000000100000000)
  region size 1024K, 21 young (21504K), 4 survivors (4096K)
 Metaspace       used 89962K, committed 90688K, reserved 1130496K
  class space    used 12316K, committed 12672K, reserved 1048576K
GC Heap History (20 events):
Event: 96.385 GC heap before
{Heap before GC invocations=43 (full 0):
 garbage-first heap   total 133120K, used 109814K [0x0000000080000000, 0x0000000100000000)
  region size 1024K, 33 young (33792K), 4 survivors (4096K)
 Metaspace       used 83478K, committed 84160K, reserved 1122304K
  class space    used 11470K, committed 11776K, reserved 1048576K
}
Event: 96.417 GC heap after
{Heap after GC invocations=44 (full 0):
 garbage-first heap   total 133120K, used 82933K [0x0000000080000000, 0x0000000100000000)
  region size 1024K, 3 young (3072K), 3 survivors (3072K)
 Metaspace       used 83478K, committed 84160K, reserved 1122304K
  class space    used 11470K, committed 11776K, reserved 1048576K
}
Event: 100.310 GC heap before
{Heap before GC invocations=45 (full 0):
 garbage-first heap   total 142336K, used 108533K [0x0000000080000000, 0x0000000100000000)
  region size 1024K, 29 young (29696K), 3 survivors (3072K)
 Metaspace       used 84996K, committed 85696K, reserved 1130496K
  class space    used 11719K, committed 12032K, reserved 1048576K
}
Event: 100.334 GC heap after
{Heap after GC invocations=46 (full 0):
 garbage-first heap   total 142336K, used 85962K [0x0000000080000000, 0x0000000100000000)
  region size 1024K, 3 young (3072K), 3 survivors (3072K)
 Metaspace       used 84996K, committed 85696K, reserved 1130496K
  class space    used 11719K, committed 12032K, reserved 1048576K
}
Event: 100.500 GC heap before
{Heap before GC invocations=46 (full 0):
 garbage-first heap   total 142336K, used 88010K [0x0000000080000000, 0x0000000100000000)
  region size 1024K, 6 young (6144K), 3 survivors (3072K)
 Metaspace       used 85013K, committed 85696K, reserved 1130496K
  class space    used 11719K, committed 12032K, reserved 1048576K
}
Event: 100.514 GC heap after
{Heap after GC invocations=47 (full 0):
 garbage-first heap   total 142336K, used 85520K [0x0000000080000000, 0x0000000100000000)
  region size 1024K, 1 young (1024K), 1 survivors (1024K)
 Metaspace       used 85013K, committed 85696K, reserved 1130496K
  class space    used 11719K, committed 12032K, reserved 1048576K
}
Event: 102.614 GC heap before
{Heap before GC invocations=47 (full 0):
 garbage-first heap   total 142336K, used 118288K [0x0000000080000000, 0x0000000100000000)
  region size 1024K, 33 young (33792K), 1 survivors (1024K)
 Metaspace       used 85295K, committed 86016K, reserved 1130496K
  class space    used 11732K, committed 12096K, reserved 1048576K
}
Event: 102.628 GC heap after
{Heap after GC invocations=48 (full 0):
 garbage-first heap   total 142336K, used 87516K [0x0000000080000000, 0x0000000100000000)
  region size 1024K, 3 young (3072K), 3 survivors (3072K)
 Metaspace       used 85295K, committed 86016K, reserved 1130496K
  class space    used 11732K, committed 12096K, reserved 1048576K
}
Event: 105.792 GC heap before
{Heap before GC invocations=49 (full 0):
 garbage-first heap   total 150528K, used 118236K [0x0000000080000000, 0x0000000100000000)
  region size 1024K, 34 young (34816K), 3 survivors (3072K)
 Metaspace       used 85736K, committed 86400K, reserved 1130496K
  class space    used 11776K, committed 12096K, reserved 1048576K
}
Event: 105.811 GC heap after
{Heap after GC invocations=50 (full 0):
 garbage-first heap   total 150528K, used 90058K [0x0000000080000000, 0x0000000100000000)
  region size 1024K, 5 young (5120K), 5 survivors (5120K)
 Metaspace       used 85736K, committed 86400K, reserved 1130496K
  class space    used 11776K, committed 12096K, reserved 1048576K
}
Event: 105.870 GC heap before
{Heap before GC invocations=50 (full 0):
 garbage-first heap   total 150528K, used 91082K [0x0000000080000000, 0x0000000100000000)
  region size 1024K, 7 young (7168K), 5 survivors (5120K)
 Metaspace       used 85739K, committed 86400K, reserved 1130496K
  class space    used 11776K, committed 12096K, reserved 1048576K
}
Event: 105.886 GC heap after
{Heap after GC invocations=51 (full 0):
 garbage-first heap   total 150528K, used 89744K [0x0000000080000000, 0x0000000100000000)
  region size 1024K, 1 young (1024K), 1 survivors (1024K)
 Metaspace       used 85739K, committed 86400K, reserved 1130496K
  class space    used 11776K, committed 12096K, reserved 1048576K
}
Event: 109.565 GC heap before
{Heap before GC invocations=51 (full 0):
 garbage-first heap   total 150528K, used 124560K [0x0000000080000000, 0x0000000100000000)
  region size 1024K, 36 young (36864K), 1 survivors (1024K)
 Metaspace       used 85957K, committed 86592K, reserved 1130496K
  class space    used 11792K, committed 12096K, reserved 1048576K
}
Event: 109.578 GC heap after
{Heap after GC invocations=52 (full 0):
 garbage-first heap   total 150528K, used 91986K [0x0000000080000000, 0x0000000100000000)
  region size 1024K, 3 young (3072K), 3 survivors (3072K)
 Metaspace       used 85957K, committed 86592K, reserved 1130496K
  class space    used 11792K, committed 12096K, reserved 1048576K
}
Event: 111.753 GC heap before
{Heap before GC invocations=53 (full 0):
 garbage-first heap   total 157696K, used 123730K [0x0000000080000000, 0x0000000100000000)
  region size 1024K, 35 young (35840K), 3 survivors (3072K)
 Metaspace       used 86178K, committed 86848K, reserved 1130496K
  class space    used 11831K, committed 12160K, reserved 1048576K
}
Event: 111.771 GC heap after
{Heap after GC invocations=54 (full 0):
 garbage-first heap   total 157696K, used 93769K [0x0000000080000000, 0x0000000100000000)
  region size 1024K, 2 young (2048K), 2 survivors (2048K)
 Metaspace       used 86178K, committed 86848K, reserved 1130496K
  class space    used 11831K, committed 12160K, reserved 1048576K
}
Event: 112.515 GC heap before
{Heap before GC invocations=54 (full 0):
 garbage-first heap   total 157696K, used 97865K [0x0000000080000000, 0x0000000100000000)
  region size 1024K, 7 young (7168K), 2 survivors (2048K)
 Metaspace       used 86574K, committed 87296K, reserved 1130496K
  class space    used 11900K, committed 12224K, reserved 1048576K
}
Event: 112.529 GC heap after
{Heap after GC invocations=55 (full 0):
 garbage-first heap   total 157696K, used 93470K [0x0000000080000000, 0x0000000100000000)
  region size 1024K, 1 young (1024K), 1 survivors (1024K)
 Metaspace       used 86574K, committed 87296K, reserved 1130496K
  class space    used 11900K, committed 12224K, reserved 1048576K
}
Event: 116.304 GC heap before
{Heap before GC invocations=55 (full 0):
 garbage-first heap   total 157696K, used 130334K [0x0000000080000000, 0x0000000100000000)
  region size 1024K, 38 young (38912K), 1 survivors (1024K)
 Metaspace       used 89641K, committed 90368K, reserved 1130496K
  class space    used 12253K, committed 12608K, reserved 1048576K
}
Event: 116.340 GC heap after
{Heap after GC invocations=56 (full 0):
 garbage-first heap   total 297984K, used 97158K [0x0000000080000000, 0x0000000100000000)
  region size 1024K, 4 young (4096K), 4 survivors (4096K)
 Metaspace       used 89641K, committed 90368K, reserved 1130496K
  class space    used 12253K, committed 12608K, reserved 1048576K
}

