# JRE version: OpenJDK Runtime Environment 21.9 (17.0.3+6) (build 17.0.3+6-LTS)
# Java VM: OpenJDK 64-Bit Server VM 21.9 (17.0.3+6-LTS, mixed mode, sharing, tiered, compressed oops, compressed class ptrs, g1 gc, windows-amd64)
GC Precious Log:
 CPUs: 2 total, 2 available
 Memory: 7995M
 Large Page Support: Disabled
 NUMA Support: Disabled
 Compressed Oops: Enabled (32-bit)
 Heap Region Size: 1M
 Heap Min Capacity: 8M
 Heap Initial Capacity: 126M
 Heap Max Capacity: 2G
 Pre-touch: Disabled
 Parallel Workers: 2
 Concurrent Workers: 1
 Concurrent Refinement Workers: 2
 Periodic GC: Disabled
Heap:
 garbage-first heap   total 178176K, used 127093K [0x0000000080000000, 0x0000000100000000)
  region size 1024K, 1 young (1024K), 1 survivors (1024K)
 Metaspace       used 117796K, committed 118720K, reserved 1155072K
  class space    used 15994K, committed 16448K, reserved 1048576K
GC Heap History (20 events):
Event: 154.279 GC heap after
{Heap after GC invocations=64 (full 0):
 garbage-first heap   total 178176K, used 104650K [0x0000000080000000, 0x0000000100000000)
  region size 1024K, 2 young (2048K), 2 survivors (2048K)
 Metaspace       used 94914K, committed 95744K, reserved 1138688K
  class space    used 12909K, committed 13312K, reserved 1048576K
}
Event: 155.115 GC heap before
{Heap before GC invocations=64 (full 0):
 garbage-first heap   total 178176K, used 109770K [0x0000000080000000, 0x0000000100000000)
  region size 1024K, 8 young (8192K), 2 survivors (2048K)
 Metaspace       used 94923K, committed 95744K, reserved 1138688K
  class space    used 12910K, committed 13312K, reserved 1048576K
}
Event: 155.132 GC heap after
{Heap after GC invocations=65 (full 0):
 garbage-first heap   total 178176K, used 104000K [0x0000000080000000, 0x0000000100000000)
  region size 1024K, 1 young (1024K), 1 survivors (1024K)
 Metaspace       used 94923K, committed 95744K, reserved 1138688K
  class space    used 12910K, committed 13312K, reserved 1048576K
}
Event: 170.582 GC heap before
{Heap before GC invocations=65 (full 0):
 garbage-first heap   total 178176K, used 145984K [0x0000000080000000, 0x0000000100000000)
  region size 1024K, 43 young (44032K), 1 survivors (1024K)
 Metaspace       used 96353K, committed 97152K, reserved 1138688K
  class space    used 13100K, committed 13504K, reserved 1048576K
}
Event: 170.598 GC heap after
{Heap after GC invocations=66 (full 0):
 garbage-first heap   total 178176K, used 107085K [0x0000000080000000, 0x0000000100000000)
  region size 1024K, 4 young (4096K), 4 survivors (4096K)
 Metaspace       used 96353K, committed 97152K, reserved 1138688K
  class space    used 13100K, committed 13504K, reserved 1048576K
}
Event: 245.722 GC heap before
{Heap before GC invocations=66 (full 0):
 garbage-first heap   total 178176K, used 148045K [0x0000000080000000, 0x0000000100000000)
  region size 1024K, 44 young (45056K), 4 survivors (4096K)
 Metaspace       used 100351K, committed 101120K, reserved 1138688K
  class space    used 13575K, committed 13952K, reserved 1048576K
}
Event: 245.743 GC heap after
{Heap after GC invocations=67 (full 0):
 garbage-first heap   total 178176K, used 109222K [0x0000000080000000, 0x0000000100000000)
  region size 1024K, 3 young (3072K), 3 survivors (3072K)
 Metaspace       used 100351K, committed 101120K, reserved 1138688K
  class space    used 13575K, committed 13952K, reserved 1048576K
}
Event: 250.745 GC heap before
{Heap before GC invocations=67 (full 0):
 garbage-first heap   total 178176K, used 148134K [0x0000000080000000, 0x0000000100000000)
  region size 1024K, 42 young (43008K), 3 survivors (3072K)
 Metaspace       used 110216K, committed 111040K, reserved 1146880K
  class space    used 15067K, committed 15488K, reserved 1048576K
}
Event: 250.760 GC heap after
{Heap after GC invocations=68 (full 0):
 garbage-first heap   total 178176K, used 110632K [0x0000000080000000, 0x0000000100000000)
  region size 1024K, 4 young (4096K), 4 survivors (4096K)
 Metaspace       used 110216K, committed 111040K, reserved 1146880K
  class space    used 15067K, committed 15488K, reserved 1048576K
}
Event: 255.200 GC heap before
{Heap before GC invocations=68 (full 0):
 garbage-first heap   total 178176K, used 150568K [0x0000000080000000, 0x0000000100000000)
  region size 1024K, 43 young (44032K), 4 survivors (4096K)
 Metaspace       used 112186K, committed 113024K, reserved 1146880K
  class space    used 15466K, committed 15872K, reserved 1048576K
}
Event: 255.252 GC heap after
{Heap after GC invocations=69 (full 0):
 garbage-first heap   total 178176K, used 113156K [0x0000000080000000, 0x0000000100000000)
  region size 1024K, 5 young (5120K), 5 survivors (5120K)
 Metaspace       used 112186K, committed 113024K, reserved 1146880K
  class space    used 15466K, committed 15872K, reserved 1048576K
}
Event: 260.360 GC heap before
{Heap before GC invocations=69 (full 0):
 garbage-first heap   total 178176K, used 156164K [0x0000000080000000, 0x0000000100000000)
  region size 1024K, 42 young (43008K), 5 survivors (5120K)
 Metaspace       used 117345K, committed 118272K, reserved 1155072K
  class space    used 15941K, committed 16384K, reserved 1048576K
}
Event: 260.396 GC heap after
{Heap after GC invocations=70 (full 0):
 garbage-first heap   total 178176K, used 124775K [0x0000000080000000, 0x0000000100000000)
  region size 1024K, 6 young (6144K), 6 survivors (6144K)
 Metaspace       used 117345K, committed 118272K, reserved 1155072K
  class space    used 15941K, committed 16384K, reserved 1048576K
}
Event: 260.626 GC heap before
{Heap before GC invocations=70 (full 0):
 garbage-first heap   total 178176K, used 141159K [0x0000000080000000, 0x0000000100000000)
  region size 1024K, 9 young (9216K), 6 survivors (6144K)
 Metaspace       used 117752K, committed 118656K, reserved 1155072K
  class space    used 15991K, committed 16448K, reserved 1048576K
}
Event: 260.645 GC heap after
{Heap after GC invocations=71 (full 0):
 garbage-first heap   total 178176K, used 127454K [0x0000000080000000, 0x0000000100000000)
  region size 1024K, 1 young (1024K), 1 survivors (1024K)
 Metaspace       used 117752K, committed 118656K, reserved 1155072K
  class space    used 15991K, committed 16448K, reserved 1048576K
}
Event: 260.657 GC heap before
{Heap before GC invocations=71 (full 0):
 garbage-first heap   total 178176K, used 131550K [0x0000000080000000, 0x0000000100000000)
  region size 1024K, 2 young (2048K), 1 survivors (1024K)
 Metaspace       used 117788K, committed 118720K, reserved 1155072K
  class space    used 15993K, committed 16448K, reserved 1048576K
}
Event: 260.665 GC heap after
{Heap after GC invocations=72 (full 0):
 garbage-first heap   total 178176K, used 127074K [0x0000000080000000, 0x0000000100000000)
  region size 1024K, 1 young (1024K), 1 survivors (1024K)
 Metaspace       used 117788K, committed 118720K, reserved 1155072K
  class space    used 15993K, committed 16448K, reserved 1048576K
}
Event: 260.675 GC heap before
{Heap before GC invocations=72 (full 0):
 garbage-first heap   total 178176K, used 129122K [0x0000000080000000, 0x0000000100000000)
  region size 1024K, 2 young (2048K), 1 survivors (1024K)
 Metaspace       used 117788K, committed 118720K, reserved 1155072K
  class space    used 15993K, committed 16448K, reserved 1048576K
}
Event: 260.684 GC heap after
{Heap after GC invocations=73 (full 0):
 garbage-first heap   total 178176K, used 127033K [0x0000000080000000, 0x0000000100000000)
  region size 1024K, 1 young (1024K), 1 survivors (1024K)
 Metaspace       used 117788K, committed 118720K, reserved 1155072K
  class space    used 15993K, committed 16448K, reserved 1048576K
}
Event: 260.691 GC heap before
{Heap before GC invocations=73 (full 0):
 garbage-first heap   total 178176K, used 129081K [0x0000000080000000, 0x0000000100000000)
  region size 1024K, 2 young (2048K), 1 survivors (1024K)
 Metaspace       used 117796K, committed 118720K, reserved 1155072K
  class space    used 15994K, committed 16448K, reserved 1048576K
}

