# JRE version: OpenJDK Runtime Environment 21.9 (17.0.3+6) (build 17.0.3+6-LTS)
# Java VM: OpenJDK 64-Bit Server VM 21.9 (17.0.3+6-LTS, mixed mode, sharing, tiered, compressed oops, compressed class ptrs, g1 gc, windows-amd64)
GC Precious Log:
 CPUs: 2 total, 2 available
 Memory: 7995M
 Large Page Support: Disabled
 NUMA Support: Disabled
 Compressed Oops: Enabled (32-bit)
 Heap Region Size: 1M
 Heap Min Capacity: 8M
 Heap Initial Capacity: 126M
 Heap Max Capacity: 2G
 Pre-touch: Disabled
 Parallel Workers: 2
 Concurrent Workers: 1
 Concurrent Refinement Workers: 2
 Periodic GC: Disabled
Heap:
 garbage-first heap   total 288768K, used 204800K [0x0000000080000000, 0x0000000100000000)
  region size 1024K, 45 young (46080K), 2 survivors (2048K)
 Metaspace       used 103141K, committed 103936K, reserved 1138688K
  class space    used 14067K, committed 14464K, reserved 1048576K
GC Heap History (20 events):
Event: 96.311 GC heap before
{Heap before GC invocations=32 (full 0):
 garbage-first heap   total 219136K, used 154881K [0x0000000080000000, 0x0000000100000000)
  region size 1024K, 84 young (86016K), 5 survivors (5120K)
 Metaspace       used 85561K, committed 86272K, reserved 1130496K
  class space    used 11712K, committed 12032K, reserved 1048576K
}
Event: 96.354 GC heap after
{Heap after GC invocations=33 (full 0):
 garbage-first heap   total 219136K, used 80661K [0x0000000080000000, 0x0000000100000000)
  region size 1024K, 11 young (11264K), 11 survivors (11264K)
 Metaspace       used 85561K, committed 86272K, reserved 1130496K
  class space    used 11712K, committed 12032K, reserved 1048576K
}
Event: 102.661 GC heap before
{Heap before GC invocations=33 (full 0):
 garbage-first heap   total 219136K, used 159509K [0x0000000080000000, 0x0000000100000000)
  region size 1024K, 89 young (91136K), 11 survivors (11264K)
 Metaspace       used 90737K, committed 91392K, reserved 1130496K
  class space    used 12393K, committed 12672K, reserved 1048576K
}
Event: 102.730 GC heap after
{Heap after GC invocations=34 (full 0):
 garbage-first heap   total 219136K, used 88256K [0x0000000080000000, 0x0000000100000000)
  region size 1024K, 8 young (8192K), 8 survivors (8192K)
 Metaspace       used 90737K, committed 91392K, reserved 1130496K
  class space    used 12393K, committed 12672K, reserved 1048576K
}
Event: 106.839 GC heap before
{Heap before GC invocations=34 (full 0):
 garbage-first heap   total 219136K, used 164032K [0x0000000080000000, 0x0000000100000000)
  region size 1024K, 83 young (84992K), 8 survivors (8192K)
 Metaspace       used 91444K, committed 92160K, reserved 1130496K
  class space    used 12450K, committed 12800K, reserved 1048576K
}
Event: 106.891 GC heap after
{Heap after GC invocations=35 (full 0):
 garbage-first heap   total 219136K, used 93696K [0x0000000080000000, 0x0000000100000000)
  region size 1024K, 6 young (6144K), 6 survivors (6144K)
 Metaspace       used 91444K, committed 92160K, reserved 1130496K
  class space    used 12450K, committed 12800K, reserved 1048576K
}
Event: 110.034 GC heap before
{Heap before GC invocations=35 (full 0):
 garbage-first heap   total 219136K, used 167424K [0x0000000080000000, 0x0000000100000000)
  region size 1024K, 79 young (80896K), 6 survivors (6144K)
 Metaspace       used 91621K, committed 92416K, reserved 1130496K
  class space    used 12466K, committed 12864K, reserved 1048576K
}
Event: 110.080 GC heap after
{Heap after GC invocations=36 (full 0):
 garbage-first heap   total 219136K, used 99328K [0x0000000080000000, 0x0000000100000000)
  region size 1024K, 6 young (6144K), 6 survivors (6144K)
 Metaspace       used 91621K, committed 92416K, reserved 1130496K
  class space    used 12466K, committed 12864K, reserved 1048576K
}
Event: 113.122 GC heap before
{Heap before GC invocations=36 (full 0):
 garbage-first heap   total 219136K, used 171008K [0x0000000080000000, 0x0000000100000000)
  region size 1024K, 77 young (78848K), 6 survivors (6144K)
 Metaspace       used 91850K, committed 92608K, reserved 1130496K
  class space    used 12493K, committed 12864K, reserved 1048576K
}
Event: 113.164 GC heap after
{Heap after GC invocations=37 (full 0):
 garbage-first heap   total 219136K, used 102912K [0x0000000080000000, 0x0000000100000000)
  region size 1024K, 9 young (9216K), 9 survivors (9216K)
 Metaspace       used 91850K, committed 92608K, reserved 1130496K
  class space    used 12493K, committed 12864K, reserved 1048576K
}
Event: 115.458 GC heap before
{Heap before GC invocations=37 (full 0):
 garbage-first heap   total 219136K, used 174592K [0x0000000080000000, 0x0000000100000000)
  region size 1024K, 80 young (81920K), 9 survivors (9216K)
 Metaspace       used 91917K, committed 92608K, reserved 1130496K
  class space    used 12497K, committed 12864K, reserved 1048576K
}
Event: 115.503 GC heap after
{Heap after GC invocations=38 (full 0):
 garbage-first heap   total 219136K, used 106448K [0x0000000080000000, 0x0000000100000000)
  region size 1024K, 8 young (8192K), 8 survivors (8192K)
 Metaspace       used 91917K, committed 92608K, reserved 1130496K
  class space    used 12497K, committed 12864K, reserved 1048576K
}
Event: 121.216 GC heap before
{Heap before GC invocations=38 (full 0):
 garbage-first heap   total 219136K, used 176080K [0x0000000080000000, 0x0000000100000000)
  region size 1024K, 77 young (78848K), 8 survivors (8192K)
 Metaspace       used 95915K, committed 96704K, reserved 1138688K
  class space    used 12970K, committed 13376K, reserved 1048576K
}
Event: 121.266 GC heap after
{Heap after GC invocations=39 (full 0):
 garbage-first heap   total 219136K, used 113430K [0x0000000080000000, 0x0000000100000000)
  region size 1024K, 10 young (10240K), 10 survivors (10240K)
 Metaspace       used 95915K, committed 96704K, reserved 1138688K
  class space    used 12970K, committed 13376K, reserved 1048576K
}
Event: 125.697 GC heap before
{Heap before GC invocations=39 (full 0):
 garbage-first heap   total 219136K, used 182038K [0x0000000080000000, 0x0000000100000000)
  region size 1024K, 70 young (71680K), 10 survivors (10240K)
 Metaspace       used 100654K, committed 101440K, reserved 1138688K
  class space    used 13577K, committed 14016K, reserved 1048576K
}
Event: 125.751 GC heap after
{Heap after GC invocations=40 (full 0):
 garbage-first heap   total 219136K, used 131072K [0x0000000080000000, 0x0000000100000000)
  region size 1024K, 9 young (9216K), 9 survivors (9216K)
 Metaspace       used 100654K, committed 101440K, reserved 1138688K
  class space    used 13577K, committed 14016K, reserved 1048576K
}
Event: 127.514 GC heap before
{Heap before GC invocations=41 (full 0):
 garbage-first heap   total 288768K, used 200704K [0x0000000080000000, 0x0000000100000000)
  region size 1024K, 56 young (57344K), 9 survivors (9216K)
 Metaspace       used 100825K, committed 101696K, reserved 1138688K
  class space    used 13596K, committed 14016K, reserved 1048576K
}
Event: 127.620 GC heap after
{Heap after GC invocations=42 (full 0):
 garbage-first heap   total 288768K, used 157696K [0x0000000080000000, 0x0000000100000000)
  region size 1024K, 7 young (7168K), 7 survivors (7168K)
 Metaspace       used 100825K, committed 101696K, reserved 1138688K
  class space    used 13596K, committed 14016K, reserved 1048576K
}
Event: 127.775 GC heap before
{Heap before GC invocations=42 (full 0):
 garbage-first heap   total 288768K, used 166912K [0x0000000080000000, 0x0000000100000000)
  region size 1024K, 14 young (14336K), 7 survivors (7168K)
 Metaspace       used 100825K, committed 101696K, reserved 1138688K
  class space    used 13596K, committed 14016K, reserved 1048576K
}
Event: 127.844 GC heap after
{Heap after GC invocations=43 (full 0):
 garbage-first heap   total 288768K, used 161792K [0x0000000080000000, 0x0000000100000000)
  region size 1024K, 2 young (2048K), 2 survivors (2048K)
 Metaspace       used 100825K, committed 101696K, reserved 1138688K
  class space    used 13596K, committed 14016K, reserved 1048576K
}

