# JRE version: OpenJDK Runtime Environment 21.9 (17.0.3+6) (build 17.0.3+6-LTS)
# Java VM: OpenJDK 64-Bit Server VM 21.9 (17.0.3+6-LTS, mixed mode, sharing, tiered, compressed oops, compressed class ptrs, g1 gc, windows-amd64)
GC Precious Log:
 CPUs: 2 total, 2 available
 Memory: 7995M
 Large Page Support: Disabled
 NUMA Support: Disabled
 Compressed Oops: Enabled (32-bit)
 Heap Region Size: 1M
 Heap Min Capacity: 8M
 Heap Initial Capacity: 126M
 Heap Max Capacity: 2G
 Pre-touch: Disabled
 Parallel Workers: 2
 Concurrent Workers: 1
 Concurrent Refinement Workers: 2
 Periodic GC: Disabled
Heap:
 garbage-first heap   total 369664K, used 219765K [0x0000000080000000, 0x0000000100000000)
  region size 1024K, 3 young (3072K), 3 survivors (3072K)
 Metaspace       used 141596K, committed 142656K, reserved 1179648K
  class space    used 19105K, committed 19584K, reserved 1048576K
GC Heap History (20 events):
Event: 174.707 GC heap after
{Heap after GC invocations=56 (full 0):
 garbage-first heap   total 204800K, used 131174K [0x0000000080000000, 0x0000000100000000)
  region size 1024K, 1 young (1024K), 1 survivors (1024K)
 Metaspace       used 118698K, committed 119616K, reserved 1155072K
  class space    used 16157K, committed 16640K, reserved 1048576K
}
Event: 177.494 GC heap before
{Heap before GC invocations=57 (full 0):
 garbage-first heap   total 256000K, used 204902K [0x0000000080000000, 0x0000000100000000)
  region size 1024K, 40 young (40960K), 1 survivors (1024K)
 Metaspace       used 124668K, committed 125696K, reserved 1163264K
  class space    used 16697K, committed 17216K, reserved 1048576K
}
Event: 177.512 GC heap after
{Heap after GC invocations=58 (full 0):
 garbage-first heap   total 256000K, used 139880K [0x0000000080000000, 0x0000000100000000)
  region size 1024K, 5 young (5120K), 5 survivors (5120K)
 Metaspace       used 124668K, committed 125696K, reserved 1163264K
  class space    used 16697K, committed 17216K, reserved 1048576K
}
Event: 177.814 GC heap before
{Heap before GC invocations=58 (full 0):
 garbage-first heap   total 256000K, used 146024K [0x0000000080000000, 0x0000000100000000)
  region size 1024K, 12 young (12288K), 5 survivors (5120K)
 Metaspace       used 125258K, committed 126272K, reserved 1163264K
  class space    used 16770K, committed 17280K, reserved 1048576K
}
Event: 177.828 GC heap after
{Heap after GC invocations=59 (full 0):
 garbage-first heap   total 256000K, used 137777K [0x0000000080000000, 0x0000000100000000)
  region size 1024K, 1 young (1024K), 1 survivors (1024K)
 Metaspace       used 125258K, committed 126272K, reserved 1163264K
  class space    used 16770K, committed 17280K, reserved 1048576K
}
Event: 179.413 GC heap before
{Heap before GC invocations=59 (full 0):
 garbage-first heap   total 256000K, used 172593K [0x0000000080000000, 0x0000000100000000)
  region size 1024K, 37 young (37888K), 1 survivors (1024K)
 Metaspace       used 128947K, committed 129920K, reserved 1163264K
  class space    used 17154K, committed 17664K, reserved 1048576K
}
Event: 179.434 GC heap after
{Heap after GC invocations=60 (full 0):
 garbage-first heap   total 368640K, used 139419K [0x0000000080000000, 0x0000000100000000)
  region size 1024K, 3 young (3072K), 3 survivors (3072K)
 Metaspace       used 128947K, committed 129920K, reserved 1163264K
  class space    used 17154K, committed 17664K, reserved 1048576K
}
Event: 179.503 GC heap before
{Heap before GC invocations=60 (full 0):
 garbage-first heap   total 368640K, used 151707K [0x0000000080000000, 0x0000000100000000)
  region size 1024K, 7 young (7168K), 3 survivors (3072K)
 Metaspace       used 129095K, committed 130048K, reserved 1163264K
  class space    used 17166K, committed 17664K, reserved 1048576K
}
Event: 179.515 GC heap after
{Heap after GC invocations=61 (full 0):
 garbage-first heap   total 368640K, used 150034K [0x0000000080000000, 0x0000000100000000)
  region size 1024K, 4 young (4096K), 4 survivors (4096K)
 Metaspace       used 129095K, committed 130048K, reserved 1163264K
  class space    used 17166K, committed 17664K, reserved 1048576K
}
Event: 183.477 GC heap before
{Heap before GC invocations=62 (full 0):
 garbage-first heap   total 368640K, used 311826K [0x0000000080000000, 0x0000000100000000)
  region size 1024K, 136 young (139264K), 4 survivors (4096K)
 Metaspace       used 136454K, committed 137472K, reserved 1171456K
  class space    used 18017K, committed 18496K, reserved 1048576K
}
Event: 183.821 GC heap after
{Heap after GC invocations=63 (full 0):
 garbage-first heap   total 369664K, used 208877K [0x0000000080000000, 0x0000000100000000)
  region size 1024K, 17 young (17408K), 17 survivors (17408K)
 Metaspace       used 136454K, committed 137472K, reserved 1171456K
  class space    used 18017K, committed 18496K, reserved 1048576K
}
Event: 183.870 GC heap before
{Heap before GC invocations=63 (full 0):
 garbage-first heap   total 369664K, used 209901K [0x0000000080000000, 0x0000000100000000)
  region size 1024K, 18 young (18432K), 17 survivors (17408K)
 Metaspace       used 136454K, committed 137472K, reserved 1171456K
  class space    used 18017K, committed 18496K, reserved 1048576K
}
Event: 184.037 GC heap after
{Heap after GC invocations=64 (full 0):
 garbage-first heap   total 369664K, used 208016K [0x0000000080000000, 0x0000000100000000)
  region size 1024K, 1 young (1024K), 1 survivors (1024K)
 Metaspace       used 136454K, committed 137472K, reserved 1171456K
  class space    used 18017K, committed 18496K, reserved 1048576K
}
Event: 185.060 GC heap before
{Heap before GC invocations=64 (full 0):
 garbage-first heap   total 369664K, used 245904K [0x0000000080000000, 0x0000000100000000)
  region size 1024K, 39 young (39936K), 1 survivors (1024K)
 Metaspace       used 137309K, committed 138304K, reserved 1171456K
  class space    used 18083K, committed 18560K, reserved 1048576K
}
Event: 185.130 GC heap after
{Heap after GC invocations=65 (full 0):
 garbage-first heap   total 369664K, used 220559K [0x0000000080000000, 0x0000000100000000)
  region size 1024K, 10 young (10240K), 10 survivors (10240K)
 Metaspace       used 137309K, committed 138304K, reserved 1171456K
  class space    used 18083K, committed 18560K, reserved 1048576K
}
Event: 187.395 GC heap before
{Heap before GC invocations=66 (full 0):
 garbage-first heap   total 369664K, used 270735K [0x0000000080000000, 0x0000000100000000)
  region size 1024K, 69 young (70656K), 10 survivors (10240K)
 Metaspace       used 140042K, committed 140992K, reserved 1171456K
  class space    used 18725K, committed 19200K, reserved 1048576K
}
Event: 187.464 GC heap after
{Heap after GC invocations=67 (full 0):
 garbage-first heap   total 369664K, used 220175K [0x0000000080000000, 0x0000000100000000)
  region size 1024K, 9 young (9216K), 9 survivors (9216K)
 Metaspace       used 140042K, committed 140992K, reserved 1171456K
  class space    used 18725K, committed 19200K, reserved 1048576K
}
Event: 187.643 GC heap before
{Heap before GC invocations=67 (full 0):
 garbage-first heap   total 369664K, used 228367K [0x0000000080000000, 0x0000000100000000)
  region size 1024K, 18 young (18432K), 9 survivors (9216K)
 Metaspace       used 140380K, committed 141376K, reserved 1179648K
  class space    used 18773K, committed 19264K, reserved 1048576K
}
Event: 187.688 GC heap after
{Heap after GC invocations=68 (full 0):
 garbage-first heap   total 369664K, used 218511K [0x0000000080000000, 0x0000000100000000)
  region size 1024K, 1 young (1024K), 1 survivors (1024K)
 Metaspace       used 140380K, committed 141376K, reserved 1179648K
  class space    used 18773K, committed 19264K, reserved 1048576K
}
Event: 188.394 GC heap before
{Heap before GC invocations=68 (full 0):
 garbage-first heap   total 369664K, used 237967K [0x0000000080000000, 0x0000000100000000)
  region size 1024K, 21 young (21504K), 1 survivors (1024K)
 Metaspace       used 141596K, committed 142656K, reserved 1179648K
  class space    used 19105K, committed 19584K, reserved 1048576K
}

