# JRE version: OpenJDK Runtime Environment 21.9 (17.0.3+6) (build 17.0.3+6-LTS)
# Java VM: OpenJDK 64-Bit Server VM 21.9 (17.0.3+6-LTS, mixed mode, sharing, tiered, compressed oops, compressed class ptrs, g1 gc, windows-amd64)
GC Precious Log:
 CPUs: 2 total, 2 available
 Memory: 7995M
 Large Page Support: Disabled
 NUMA Support: Disabled
 Compressed Oops: Enabled (32-bit)
 Heap Region Size: 1M
 Heap Min Capacity: 8M
 Heap Initial Capacity: 126M
 Heap Max Capacity: 2G
 Pre-touch: Disabled
 Parallel Workers: 2
 Concurrent Workers: 1
 Concurrent Refinement Workers: 2
 Periodic GC: Disabled
Heap:
 garbage-first heap   total 214016K, used 178324K [0x0000000080000000, 0x0000000100000000)
  region size 1024K, 4 young (4096K), 2 survivors (2048K)
 Metaspace       used 141927K, committed 142848K, reserved 1179648K
  class space    used 18521K, committed 18944K, reserved 1048576K
GC Heap History (20 events):
Event: 94.496 GC heap before
{Heap before GC invocations=54 (full 0):
 garbage-first heap   total 188416K, used 156985K [0x0000000080000000, 0x0000000100000000)
  region size 1024K, 42 young (43008K), 6 survivors (6144K)
 Metaspace       used 124056K, committed 124992K, reserved 1163264K
  class space    used 16810K, committed 17280K, reserved 1048576K
}
Event: 94.519 GC heap after
{Heap after GC invocations=55 (full 0):
 garbage-first heap   total 188416K, used 124292K [0x0000000080000000, 0x0000000100000000)
  region size 1024K, 4 young (4096K), 4 survivors (4096K)
 Metaspace       used 124056K, committed 124992K, reserved 1163264K
  class space    used 16810K, committed 17280K, reserved 1048576K
}
Event: 95.750 GC heap before
{Heap before GC invocations=55 (full 0):
 garbage-first heap   total 188416K, used 158084K [0x0000000080000000, 0x0000000100000000)
  region size 1024K, 38 young (38912K), 4 survivors (4096K)
 Metaspace       used 126086K, committed 126976K, reserved 1163264K
  class space    used 17005K, committed 17472K, reserved 1048576K
}
Event: 95.807 GC heap after
{Heap after GC invocations=56 (full 0):
 garbage-first heap   total 188416K, used 131419K [0x0000000080000000, 0x0000000100000000)
  region size 1024K, 5 young (5120K), 5 survivors (5120K)
 Metaspace       used 126086K, committed 126976K, reserved 1163264K
  class space    used 17005K, committed 17472K, reserved 1048576K
}
Event: 97.715 GC heap before
{Heap before GC invocations=56 (full 0):
 garbage-first heap   total 188416K, used 157019K [0x0000000080000000, 0x0000000100000000)
  region size 1024K, 31 young (31744K), 5 survivors (5120K)
 Metaspace       used 128598K, committed 129536K, reserved 1163264K
  class space    used 17219K, committed 17664K, reserved 1048576K
}
Event: 97.739 GC heap after
{Heap after GC invocations=57 (full 0):
 garbage-first heap   total 188416K, used 134036K [0x0000000080000000, 0x0000000100000000)
  region size 1024K, 3 young (3072K), 3 survivors (3072K)
 Metaspace       used 128598K, committed 129536K, reserved 1163264K
  class space    used 17219K, committed 17664K, reserved 1048576K
}
Event: 99.290 GC heap before
{Heap before GC invocations=57 (full 0):
 garbage-first heap   total 188416K, used 158612K [0x0000000080000000, 0x0000000100000000)
  region size 1024K, 27 young (27648K), 3 survivors (3072K)
 Metaspace       used 130470K, committed 131392K, reserved 1163264K
  class space    used 17353K, committed 17792K, reserved 1048576K
}
Event: 99.302 GC heap after
{Heap after GC invocations=58 (full 0):
 garbage-first heap   total 188416K, used 135087K [0x0000000080000000, 0x0000000100000000)
  region size 1024K, 2 young (2048K), 2 survivors (2048K)
 Metaspace       used 130470K, committed 131392K, reserved 1163264K
  class space    used 17353K, committed 17792K, reserved 1048576K
}
Event: 100.743 GC heap before
{Heap before GC invocations=58 (full 0):
 garbage-first heap   total 188416K, used 159663K [0x0000000080000000, 0x0000000100000000)
  region size 1024K, 26 young (26624K), 2 survivors (2048K)
 Metaspace       used 132016K, committed 132992K, reserved 1171456K
  class space    used 17494K, committed 17984K, reserved 1048576K
}
Event: 100.752 GC heap after
{Heap after GC invocations=59 (full 0):
 garbage-first heap   total 188416K, used 138624K [0x0000000080000000, 0x0000000100000000)
  region size 1024K, 4 young (4096K), 4 survivors (4096K)
 Metaspace       used 132016K, committed 132992K, reserved 1171456K
  class space    used 17494K, committed 17984K, reserved 1048576K
}
Event: 102.202 GC heap before
{Heap before GC invocations=59 (full 0):
 garbage-first heap   total 188416K, used 159104K [0x0000000080000000, 0x0000000100000000)
  region size 1024K, 25 young (25600K), 4 survivors (4096K)
 Metaspace       used 136019K, committed 136960K, reserved 1171456K
  class space    used 17935K, committed 18368K, reserved 1048576K
}
Event: 102.215 GC heap after
{Heap after GC invocations=60 (full 0):
 garbage-first heap   total 188416K, used 137930K [0x0000000080000000, 0x0000000100000000)
  region size 1024K, 3 young (3072K), 3 survivors (3072K)
 Metaspace       used 136019K, committed 136960K, reserved 1171456K
  class space    used 17935K, committed 18368K, reserved 1048576K
}
Event: 103.497 GC heap before
{Heap before GC invocations=60 (full 0):
 garbage-first heap   total 188416K, used 158410K [0x0000000080000000, 0x0000000100000000)
  region size 1024K, 24 young (24576K), 3 survivors (3072K)
 Metaspace       used 137992K, committed 139008K, reserved 1171456K
  class space    used 18148K, committed 18624K, reserved 1048576K
}
Event: 103.515 GC heap after
{Heap after GC invocations=61 (full 0):
 garbage-first heap   total 188416K, used 138193K [0x0000000080000000, 0x0000000100000000)
  region size 1024K, 3 young (3072K), 3 survivors (3072K)
 Metaspace       used 137992K, committed 139008K, reserved 1171456K
  class space    used 18148K, committed 18624K, reserved 1048576K
}
Event: 104.443 GC heap before
{Heap before GC invocations=61 (full 0):
 garbage-first heap   total 188416K, used 159697K [0x0000000080000000, 0x0000000100000000)
  region size 1024K, 24 young (24576K), 3 survivors (3072K)
 Metaspace       used 140052K, committed 141056K, reserved 1179648K
  class space    used 18301K, committed 18752K, reserved 1048576K
}
Event: 104.454 GC heap after
{Heap after GC invocations=62 (full 0):
 garbage-first heap   total 188416K, used 139642K [0x0000000080000000, 0x0000000100000000)
  region size 1024K, 2 young (2048K), 2 survivors (2048K)
 Metaspace       used 140052K, committed 141056K, reserved 1179648K
  class space    used 18301K, committed 18752K, reserved 1048576K
}
Event: 105.002 GC heap before
{Heap before GC invocations=62 (full 0):
 garbage-first heap   total 188416K, used 145786K [0x0000000080000000, 0x0000000100000000)
  region size 1024K, 9 young (9216K), 2 survivors (2048K)
 Metaspace       used 140932K, committed 141888K, reserved 1179648K
  class space    used 18387K, committed 18816K, reserved 1048576K
}
Event: 105.011 GC heap after
{Heap after GC invocations=63 (full 0):
 garbage-first heap   total 188416K, used 140006K [0x0000000080000000, 0x0000000100000000)
  region size 1024K, 2 young (2048K), 2 survivors (2048K)
 Metaspace       used 140932K, committed 141888K, reserved 1179648K
  class space    used 18387K, committed 18816K, reserved 1048576K
}
Event: 105.430 GC heap before
{Heap before GC invocations=63 (full 0):
 garbage-first heap   total 188416K, used 156390K [0x0000000080000000, 0x0000000100000000)
  region size 1024K, 11 young (11264K), 2 survivors (2048K)
 Metaspace       used 141910K, committed 142848K, reserved 1179648K
  class space    used 18520K, committed 18944K, reserved 1048576K
}
Event: 105.447 GC heap after
{Heap after GC invocations=64 (full 0):
 garbage-first heap   total 188416K, used 150676K [0x0000000080000000, 0x0000000100000000)
  region size 1024K, 2 young (2048K), 2 survivors (2048K)
 Metaspace       used 141910K, committed 142848K, reserved 1179648K
  class space    used 18520K, committed 18944K, reserved 1048576K
}

