# JRE version: OpenJDK Runtime Environment 21.9 (17.0.3+6) (build 17.0.3+6-LTS)
# Java VM: OpenJDK 64-Bit Server VM 21.9 (17.0.3+6-LTS, mixed mode, sharing, tiered, compressed oops, compressed class ptrs, g1 gc, windows-amd64)
GC Precious Log:
 CPUs: 2 total, 2 available
 Memory: 7995M
 Large Page Support: Disabled
 NUMA Support: Disabled
 Compressed Oops: Enabled (32-bit)
 Heap Region Size: 1M
 Heap Min Capacity: 8M
 Heap Initial Capacity: 126M
 Heap Max Capacity: 2G
 Pre-touch: Disabled
 Parallel Workers: 2
 Concurrent Workers: 1
 Concurrent Refinement Workers: 2
 Periodic GC: Disabled
Heap:
 garbage-first heap   total 331776K, used 158650K [0x0000000080000000, 0x0000000100000000)
  region size 1024K, 4 young (4096K), 4 survivors (4096K)
 Metaspace       used 146603K, committed 147520K, reserved 1179648K
  class space    used 18167K, committed 18624K, reserved 1048576K
GC Heap History (20 events):
Event: 2748.465 GC heap after
{Heap after GC invocations=64 (full 0):
 garbage-first heap   total 331776K, used 116798K [0x0000000080000000, 0x0000000100000000)
  region size 1024K, 1 young (1024K), 1 survivors (1024K)
 Metaspace       used 130212K, committed 130944K, reserved 1163264K
  class space    used 16346K, committed 16704K, reserved 1048576K
}
Event: 2750.668 GC heap before
{Heap before GC invocations=64 (full 0):
 garbage-first heap   total 331776K, used 141374K [0x0000000080000000, 0x0000000100000000)
  region size 1024K, 26 young (26624K), 1 survivors (1024K)
 Metaspace       used 130284K, committed 131008K, reserved 1163264K
  class space    used 16346K, committed 16704K, reserved 1048576K
}
Event: 2750.681 GC heap after
{Heap after GC invocations=65 (full 0):
 garbage-first heap   total 331776K, used 120068K [0x0000000080000000, 0x0000000100000000)
  region size 1024K, 4 young (4096K), 4 survivors (4096K)
 Metaspace       used 130284K, committed 131008K, reserved 1163264K
  class space    used 16346K, committed 16704K, reserved 1048576K
}
Event: 2763.466 GC heap before
{Heap before GC invocations=66 (full 0):
 garbage-first heap   total 331776K, used 264452K [0x0000000080000000, 0x0000000100000000)
  region size 1024K, 143 young (146432K), 4 survivors (4096K)
 Metaspace       used 131020K, committed 131712K, reserved 1171456K
  class space    used 16354K, committed 16704K, reserved 1048576K
}
Event: 2763.485 GC heap after
{Heap after GC invocations=67 (full 0):
 garbage-first heap   total 331776K, used 123454K [0x0000000080000000, 0x0000000100000000)
  region size 1024K, 7 young (7168K), 7 survivors (7168K)
 Metaspace       used 131020K, committed 131712K, reserved 1171456K
  class space    used 16354K, committed 16704K, reserved 1048576K
}
Event: 2763.939 GC heap before
{Heap before GC invocations=67 (full 0):
 garbage-first heap   total 331776K, used 132670K [0x0000000080000000, 0x0000000100000000)
  region size 1024K, 16 young (16384K), 7 survivors (7168K)
 Metaspace       used 131109K, committed 131840K, reserved 1171456K
  class space    used 16354K, committed 16704K, reserved 1048576K
}
Event: 2763.962 GC heap after
{Heap after GC invocations=68 (full 0):
 garbage-first heap   total 331776K, used 119525K [0x0000000080000000, 0x0000000100000000)
  region size 1024K, 2 young (2048K), 2 survivors (2048K)
 Metaspace       used 131109K, committed 131840K, reserved 1171456K
  class space    used 16354K, committed 16704K, reserved 1048576K
}
Event: 2766.751 GC heap before
{Heap before GC invocations=68 (full 0):
 garbage-first heap   total 331776K, used 162533K [0x0000000080000000, 0x0000000100000000)
  region size 1024K, 45 young (46080K), 2 survivors (2048K)
 Metaspace       used 131428K, committed 132224K, reserved 1171456K
  class space    used 16365K, committed 16704K, reserved 1048576K
}
Event: 2766.768 GC heap after
{Heap after GC invocations=69 (full 0):
 garbage-first heap   total 331776K, used 123575K [0x0000000080000000, 0x0000000100000000)
  region size 1024K, 6 young (6144K), 6 survivors (6144K)
 Metaspace       used 131428K, committed 132224K, reserved 1171456K
  class space    used 16365K, committed 16704K, reserved 1048576K
}
Event: 3622.120 GC heap before
{Heap before GC invocations=70 (full 0):
 garbage-first heap   total 331776K, used 272055K [0x0000000080000000, 0x0000000100000000)
  region size 1024K, 144 young (147456K), 6 survivors (6144K)
 Metaspace       used 137019K, committed 137792K, reserved 1171456K
  class space    used 17011K, committed 17408K, reserved 1048576K
}
Event: 3622.152 GC heap after
{Heap after GC invocations=71 (full 0):
 garbage-first heap   total 331776K, used 130173K [0x0000000080000000, 0x0000000100000000)
  region size 1024K, 12 young (12288K), 12 survivors (12288K)
 Metaspace       used 137019K, committed 137792K, reserved 1171456K
  class space    used 17011K, committed 17408K, reserved 1048576K
}
Event: 3622.376 GC heap before
{Heap before GC invocations=71 (full 0):
 garbage-first heap   total 331776K, used 134269K [0x0000000080000000, 0x0000000100000000)
  region size 1024K, 16 young (16384K), 12 survivors (12288K)
 Metaspace       used 137507K, committed 138368K, reserved 1171456K
  class space    used 17077K, committed 17472K, reserved 1048576K
}
Event: 3622.410 GC heap after
{Heap after GC invocations=72 (full 0):
 garbage-first heap   total 331776K, used 126747K [0x0000000080000000, 0x0000000100000000)
  region size 1024K, 1 young (1024K), 1 survivors (1024K)
 Metaspace       used 137507K, committed 138368K, reserved 1171456K
  class space    used 17077K, committed 17472K, reserved 1048576K
}
Event: 3628.295 GC heap before
{Heap before GC invocations=72 (full 0):
 garbage-first heap   total 331776K, used 267035K [0x0000000080000000, 0x0000000100000000)
  region size 1024K, 138 young (141312K), 1 survivors (1024K)
 Metaspace       used 142666K, committed 143552K, reserved 1179648K
  class space    used 17732K, committed 18176K, reserved 1048576K
}
Event: 3628.385 GC heap after
{Heap after GC invocations=73 (full 0):
 garbage-first heap   total 331776K, used 152064K [0x0000000080000000, 0x0000000100000000)
  region size 1024K, 18 young (18432K), 18 survivors (18432K)
 Metaspace       used 142666K, committed 143552K, reserved 1179648K
  class space    used 17732K, committed 18176K, reserved 1048576K
}
Event: 3638.445 GC heap before
{Heap before GC invocations=74 (full 0):
 garbage-first heap   total 331776K, used 255488K [0x0000000080000000, 0x0000000100000000)
  region size 1024K, 121 young (123904K), 18 survivors (18432K)
 Metaspace       used 143418K, committed 144320K, reserved 1179648K
  class space    used 17757K, committed 18240K, reserved 1048576K
}
Event: 3638.514 GC heap after
{Heap after GC invocations=75 (full 0):
 garbage-first heap   total 331776K, used 160256K [0x0000000080000000, 0x0000000100000000)
  region size 1024K, 11 young (11264K), 11 survivors (11264K)
 Metaspace       used 143418K, committed 144320K, reserved 1179648K
  class space    used 17757K, committed 18240K, reserved 1048576K
}
Event: 3638.832 GC heap before
{Heap before GC invocations=75 (full 0):
 garbage-first heap   total 331776K, used 165376K [0x0000000080000000, 0x0000000100000000)
  region size 1024K, 16 young (16384K), 11 survivors (11264K)
 Metaspace       used 143950K, committed 144768K, reserved 1179648K
  class space    used 17819K, committed 18240K, reserved 1048576K
}
Event: 3638.865 GC heap after
{Heap after GC invocations=76 (full 0):
 garbage-first heap   total 331776K, used 155648K [0x0000000080000000, 0x0000000100000000)
  region size 1024K, 1 young (1024K), 1 survivors (1024K)
 Metaspace       used 143950K, committed 144768K, reserved 1179648K
  class space    used 17819K, committed 18240K, reserved 1048576K
}
Event: 3642.003 GC heap before
{Heap before GC invocations=76 (full 0):
 garbage-first heap   total 331776K, used 193536K [0x0000000080000000, 0x0000000100000000)
  region size 1024K, 39 young (39936K), 1 survivors (1024K)
 Metaspace       used 146603K, committed 147520K, reserved 1179648K
  class space    used 18167K, committed 18624K, reserved 1048576K
}

