# JRE version: OpenJDK Runtime Environment 21.9 (17.0.3+6) (build 17.0.3+6-LTS)
# Java VM: OpenJDK 64-Bit Server VM 21.9 (17.0.3+6-LTS, mixed mode, sharing, tiered, compressed oops, compressed class ptrs, g1 gc, windows-amd64)
GC Precious Log:
 CPUs: 2 total, 2 available
 Memory: 7995M
 Large Page Support: Disabled
 NUMA Support: Disabled
 Compressed Oops: Enabled (32-bit)
 Heap Region Size: 1M
 Heap Min Capacity: 8M
 Heap Initial Capacity: 126M
 Heap Max Capacity: 2G
 Pre-touch: Disabled
 Parallel Workers: 2
 Concurrent Workers: 1
 Concurrent Refinement Workers: 2
 Periodic GC: Disabled
Heap:
 garbage-first heap   total 380928K, used 238080K [0x0000000080000000, 0x0000000100000000)
  region size 1024K, 2 young (2048K), 2 survivors (2048K)
 Metaspace       used 145086K, committed 146368K, reserved 1179648K
  class space    used 18917K, committed 19520K, reserved 1048576K
GC Heap History (20 events):
Event: 857.858 GC heap after
{Heap after GC invocations=73 (full 0):
 garbage-first heap   total 330752K, used 135958K [0x0000000080000000, 0x0000000100000000)
  region size 1024K, 4 young (4096K), 4 survivors (4096K)
 Metaspace       used 108917K, committed 109952K, reserved 1146880K
  class space    used 14483K, committed 14976K, reserved 1048576K
}
Event: 867.321 GC heap before
{Heap before GC invocations=74 (full 0):
 garbage-first heap   total 330752K, used 238358K [0x0000000080000000, 0x0000000100000000)
  region size 1024K, 105 young (107520K), 4 survivors (4096K)
 Metaspace       used 110332K, committed 111360K, reserved 1146880K
  class space    used 14587K, committed 15104K, reserved 1048576K
}
Event: 867.369 GC heap after
{Heap after GC invocations=75 (full 0):
 garbage-first heap   total 330752K, used 148876K [0x0000000080000000, 0x0000000100000000)
  region size 1024K, 14 young (14336K), 14 survivors (14336K)
 Metaspace       used 110332K, committed 111360K, reserved 1146880K
  class space    used 14587K, committed 15104K, reserved 1048576K
}
Event: 867.584 GC heap before
{Heap before GC invocations=75 (full 0):
 garbage-first heap   total 330752K, used 150924K [0x0000000080000000, 0x0000000100000000)
  region size 1024K, 16 young (16384K), 14 survivors (14336K)
 Metaspace       used 110354K, committed 111424K, reserved 1146880K
  class space    used 14587K, committed 15104K, reserved 1048576K
}
Event: 867.615 GC heap after
{Heap after GC invocations=76 (full 0):
 garbage-first heap   total 330752K, used 141209K [0x0000000080000000, 0x0000000100000000)
  region size 1024K, 1 young (1024K), 1 survivors (1024K)
 Metaspace       used 110354K, committed 111424K, reserved 1146880K
  class space    used 14587K, committed 15104K, reserved 1048576K
}
Event: 880.403 GC heap before
{Heap before GC invocations=76 (full 0):
 garbage-first heap   total 330752K, used 251801K [0x0000000080000000, 0x0000000100000000)
  region size 1024K, 109 young (111616K), 1 survivors (1024K)
 Metaspace       used 124897K, committed 125952K, reserved 1163264K
  class space    used 16773K, committed 17280K, reserved 1048576K
}
Event: 880.435 GC heap after
{Heap after GC invocations=77 (full 0):
 garbage-first heap   total 330752K, used 145861K [0x0000000080000000, 0x0000000100000000)
  region size 1024K, 6 young (6144K), 6 survivors (6144K)
 Metaspace       used 124897K, committed 125952K, reserved 1163264K
  class space    used 16773K, committed 17280K, reserved 1048576K
}
Event: 881.848 GC heap before
{Heap before GC invocations=77 (full 0):
 garbage-first heap   total 330752K, used 159173K [0x0000000080000000, 0x0000000100000000)
  region size 1024K, 20 young (20480K), 6 survivors (6144K)
 Metaspace       used 126239K, committed 127360K, reserved 1163264K
  class space    used 16921K, committed 17472K, reserved 1048576K
}
Event: 881.871 GC heap after
{Heap after GC invocations=78 (full 0):
 garbage-first heap   total 330752K, used 147304K [0x0000000080000000, 0x0000000100000000)
  region size 1024K, 7 young (7168K), 7 survivors (7168K)
 Metaspace       used 126239K, committed 127360K, reserved 1163264K
  class space    used 16921K, committed 17472K, reserved 1048576K
}
Event: 894.595 GC heap before
{Heap before GC invocations=79 (full 0):
 garbage-first heap   total 330752K, used 303976K [0x0000000080000000, 0x0000000100000000)
  region size 1024K, 104 young (106496K), 7 survivors (7168K)
 Metaspace       used 139012K, committed 140160K, reserved 1171456K
  class space    used 18208K, committed 18752K, reserved 1048576K
}
Event: 894.639 GC heap after
{Heap after GC invocations=80 (full 0):
 garbage-first heap   total 330752K, used 179903K [0x0000000080000000, 0x0000000100000000)
  region size 1024K, 15 young (15360K), 15 survivors (15360K)
 Metaspace       used 139012K, committed 140160K, reserved 1171456K
  class space    used 18208K, committed 18752K, reserved 1048576K
}
Event: 894.675 GC heap before
{Heap before GC invocations=80 (full 0):
 garbage-first heap   total 330752K, used 198335K [0x0000000080000000, 0x0000000100000000)
  region size 1024K, 16 young (16384K), 15 survivors (15360K)
 Metaspace       used 139036K, committed 140160K, reserved 1171456K
  class space    used 18209K, committed 18752K, reserved 1048576K
}
Event: 894.731 GC heap after
{Heap after GC invocations=81 (full 0):
 garbage-first heap   total 330752K, used 172521K [0x0000000080000000, 0x0000000100000000)
  region size 1024K, 2 young (2048K), 2 survivors (2048K)
 Metaspace       used 139036K, committed 140160K, reserved 1171456K
  class space    used 18209K, committed 18752K, reserved 1048576K
}
Event: 899.389 GC heap before
{Heap before GC invocations=81 (full 0):
 garbage-first heap   total 330752K, used 266729K [0x0000000080000000, 0x0000000100000000)
  region size 1024K, 92 young (94208K), 2 survivors (2048K)
 Metaspace       used 143584K, committed 144768K, reserved 1179648K
  class space    used 18741K, committed 19328K, reserved 1048576K
}
Event: 899.562 GC heap after
{Heap after GC invocations=82 (full 0):
 garbage-first heap   total 330752K, used 210944K [0x0000000080000000, 0x0000000100000000)
  region size 1024K, 12 young (12288K), 12 survivors (12288K)
 Metaspace       used 143584K, committed 144768K, reserved 1179648K
  class space    used 18741K, committed 19328K, reserved 1048576K
}
Event: 901.814 GC heap before
{Heap before GC invocations=82 (full 0):
 garbage-first heap   total 330752K, used 241664K [0x0000000080000000, 0x0000000100000000)
  region size 1024K, 43 young (44032K), 12 survivors (12288K)
 Metaspace       used 144652K, committed 145792K, reserved 1179648K
  class space    used 18899K, committed 19456K, reserved 1048576K
}
Event: 901.958 GC heap after
{Heap after GC invocations=83 (full 0):
 garbage-first heap   total 330752K, used 226304K [0x0000000080000000, 0x0000000100000000)
  region size 1024K, 8 young (8192K), 8 survivors (8192K)
 Metaspace       used 144652K, committed 145792K, reserved 1179648K
  class space    used 18899K, committed 19456K, reserved 1048576K
}
Event: 904.843 GC heap before
{Heap before GC invocations=84 (full 0):
 garbage-first heap   total 380928K, used 263168K [0x0000000080000000, 0x0000000100000000)
  region size 1024K, 44 young (45056K), 8 survivors (8192K)
 Metaspace       used 144871K, committed 146112K, reserved 1179648K
  class space    used 18915K, committed 19520K, reserved 1048576K
}
Event: 904.949 GC heap after
{Heap after GC invocations=85 (full 0):
 garbage-first heap   total 380928K, used 241152K [0x0000000080000000, 0x0000000100000000)
  region size 1024K, 6 young (6144K), 6 survivors (6144K)
 Metaspace       used 144871K, committed 146112K, reserved 1179648K
  class space    used 18915K, committed 19520K, reserved 1048576K
}
Event: 905.817 GC heap before
{Heap before GC invocations=85 (full 0):
 garbage-first heap   total 380928K, used 253440K [0x0000000080000000, 0x0000000100000000)
  region size 1024K, 18 young (18432K), 6 survivors (6144K)
 Metaspace       used 145086K, committed 146368K, reserved 1179648K
  class space    used 18917K, committed 19520K, reserved 1048576K
}

