# JRE version: OpenJDK Runtime Environment 21.9 (17.0.3+6) (build 17.0.3+6-LTS)
# Java VM: OpenJDK 64-Bit Server VM 21.9 (17.0.3+6-LTS, mixed mode, sharing, tiered, compressed oops, compressed class ptrs, g1 gc, windows-amd64)
GC Precious Log:
 CPUs: 2 total, 2 available
 Memory: 7995M
 Large Page Support: Disabled
 NUMA Support: Disabled
 Compressed Oops: Enabled (32-bit)
 Heap Region Size: 1M
 Heap Min Capacity: 8M
 Heap Initial Capacity: 126M
 Heap Max Capacity: 2G
 Pre-touch: Disabled
 Parallel Workers: 2
 Concurrent Workers: 1
 Concurrent Refinement Workers: 2
 Periodic GC: Disabled
Heap:
 garbage-first heap   total 423936K, used 284658K [0x0000000080000000, 0x0000000100000000)
  region size 1024K, 9 young (9216K), 9 survivors (9216K)
 Metaspace       used 201580K, committed 203776K, reserved 1228800K
  class space    used 25530K, committed 26624K, reserved 1048576K
GC Heap History (20 events):
Event: 3007.493 GC heap after
{Heap after GC invocations=97 (full 0):
 garbage-first heap   total 1017856K, used 705024K [0x0000000080000000, 0x0000000100000000)
  region size 1024K, 17 young (17408K), 17 survivors (17408K)
 Metaspace       used 201516K, committed 203648K, reserved 1228800K
  class space    used 25610K, committed 26624K, reserved 1048576K
}
Event: 4196.728 GC heap before
{Heap before GC invocations=97 (full 0):
 garbage-first heap   total 1017856K, used 745984K [0x0000000080000000, 0x0000000100000000)
  region size 1024K, 58 young (59392K), 17 survivors (17408K)
 Metaspace       used 201540K, committed 203648K, reserved 1228800K
  class space    used 25610K, committed 26624K, reserved 1048576K
}
Event: 4198.049 GC heap after
{Heap after GC invocations=98 (full 1):
 garbage-first heap   total 423936K, used 125512K [0x0000000080000000, 0x0000000100000000)
  region size 1024K, 0 young (0K), 0 survivors (0K)
 Metaspace       used 201190K, committed 203648K, reserved 1228800K
  class space    used 25528K, committed 26624K, reserved 1048576K
}
Event: 4297.994 GC heap before
{Heap before GC invocations=98 (full 1):
 garbage-first heap   total 423936K, used 303688K [0x0000000080000000, 0x0000000100000000)
  region size 1024K, 173 young (177152K), 0 survivors (0K)
 Metaspace       used 201324K, committed 203648K, reserved 1228800K
  class space    used 25528K, committed 26624K, reserved 1048576K
}
Event: 4298.175 GC heap after
{Heap after GC invocations=99 (full 1):
 garbage-first heap   total 423936K, used 153160K [0x0000000080000000, 0x0000000100000000)
  region size 1024K, 22 young (22528K), 22 survivors (22528K)
 Metaspace       used 201324K, committed 203648K, reserved 1228800K
  class space    used 25528K, committed 26624K, reserved 1048576K
}
Event: 4303.112 GC heap before
{Heap before GC invocations=99 (full 1):
 garbage-first heap   total 423936K, used 281160K [0x0000000080000000, 0x0000000100000000)
  region size 1024K, 115 young (117760K), 22 survivors (22528K)
 Metaspace       used 201485K, committed 203648K, reserved 1228800K
  class space    used 25529K, committed 26624K, reserved 1048576K
}
Event: 4303.268 GC heap after
{Heap after GC invocations=100 (full 1):
 garbage-first heap   total 423936K, used 156923K [0x0000000080000000, 0x0000000100000000)
  region size 1024K, 5 young (5120K), 5 survivors (5120K)
 Metaspace       used 201485K, committed 203648K, reserved 1228800K
  class space    used 25529K, committed 26624K, reserved 1048576K
}
Event: 4303.600 GC heap before
{Heap before GC invocations=100 (full 1):
 garbage-first heap   total 423936K, used 206075K [0x0000000080000000, 0x0000000100000000)
  region size 1024K, 10 young (10240K), 5 survivors (5120K)
 Metaspace       used 201489K, committed 203648K, reserved 1228800K
  class space    used 25529K, committed 26624K, reserved 1048576K
}
Event: 4303.627 GC heap after
{Heap after GC invocations=101 (full 1):
 garbage-first heap   total 423936K, used 155387K [0x0000000080000000, 0x0000000100000000)
  region size 1024K, 6 young (6144K), 6 survivors (6144K)
 Metaspace       used 201489K, committed 203648K, reserved 1228800K
  class space    used 25529K, committed 26624K, reserved 1048576K
}
Event: 4303.677 GC heap before
{Heap before GC invocations=101 (full 1):
 garbage-first heap   total 423936K, used 180987K [0x0000000080000000, 0x0000000100000000)
  region size 1024K, 8 young (8192K), 6 survivors (6144K)
 Metaspace       used 201490K, committed 203648K, reserved 1228800K
  class space    used 25529K, committed 26624K, reserved 1048576K
}
Event: 4303.702 GC heap after
{Heap after GC invocations=102 (full 1):
 garbage-first heap   total 423936K, used 155387K [0x0000000080000000, 0x0000000100000000)
  region size 1024K, 6 young (6144K), 6 survivors (6144K)
 Metaspace       used 201490K, committed 203648K, reserved 1228800K
  class space    used 25529K, committed 26624K, reserved 1048576K
}
Event: 4306.807 GC heap before
{Heap before GC invocations=102 (full 1):
 garbage-first heap   total 423936K, used 262907K [0x0000000080000000, 0x0000000100000000)
  region size 1024K, 88 young (90112K), 6 survivors (6144K)
 Metaspace       used 201552K, committed 203776K, reserved 1228800K
  class space    used 25530K, committed 26624K, reserved 1048576K
}
Event: 4306.862 GC heap after
{Heap after GC invocations=103 (full 1):
 garbage-first heap   total 423936K, used 167675K [0x0000000080000000, 0x0000000100000000)
  region size 1024K, 18 young (18432K), 18 survivors (18432K)
 Metaspace       used 201552K, committed 203776K, reserved 1228800K
  class space    used 25530K, committed 26624K, reserved 1048576K
}
Event: 4307.229 GC heap before
{Heap before GC invocations=103 (full 1):
 garbage-first heap   total 423936K, used 197371K [0x0000000080000000, 0x0000000100000000)
  region size 1024K, 24 young (24576K), 18 survivors (18432K)
 Metaspace       used 201557K, committed 203776K, reserved 1228800K
  class space    used 25530K, committed 26624K, reserved 1048576K
}
Event: 4307.361 GC heap after
{Heap after GC invocations=104 (full 1):
 garbage-first heap   total 423936K, used 193629K [0x0000000080000000, 0x0000000100000000)
  region size 1024K, 3 young (3072K), 3 survivors (3072K)
 Metaspace       used 201557K, committed 203776K, reserved 1228800K
  class space    used 25530K, committed 26624K, reserved 1048576K
}
Event: 4310.123 GC heap before
{Heap before GC invocations=105 (full 1):
 garbage-first heap   total 423936K, used 341085K [0x0000000080000000, 0x0000000100000000)
  region size 1024K, 129 young (132096K), 3 survivors (3072K)
 Metaspace       used 201564K, committed 203776K, reserved 1228800K
  class space    used 25530K, committed 26624K, reserved 1048576K
}
Event: 4310.455 GC heap after
{Heap after GC invocations=106 (full 1):
 garbage-first heap   total 423936K, used 251976K [0x0000000080000000, 0x0000000100000000)
  region size 1024K, 17 young (17408K), 17 survivors (17408K)
 Metaspace       used 201564K, committed 203776K, reserved 1228800K
  class space    used 25530K, committed 26624K, reserved 1048576K
}
Event: 4310.626 GC heap before
{Heap before GC invocations=106 (full 1):
 garbage-first heap   total 423936K, used 255048K [0x0000000080000000, 0x0000000100000000)
  region size 1024K, 20 young (20480K), 17 survivors (17408K)
 Metaspace       used 201564K, committed 203776K, reserved 1228800K
  class space    used 25530K, committed 26624K, reserved 1048576K
}
Event: 4310.803 GC heap after
{Heap after GC invocations=107 (full 1):
 garbage-first heap   total 423936K, used 253903K [0x0000000080000000, 0x0000000100000000)
  region size 1024K, 2 young (2048K), 2 survivors (2048K)
 Metaspace       used 201564K, committed 203776K, reserved 1228800K
  class space    used 25530K, committed 26624K, reserved 1048576K
}
Event: 4312.192 GC heap before
{Heap before GC invocations=107 (full 1):
 garbage-first heap   total 423936K, used 329679K [0x0000000080000000, 0x0000000100000000)
  region size 1024K, 74 young (75776K), 2 survivors (2048K)
 Metaspace       used 201580K, committed 203776K, reserved 1228800K
  class space    used 25530K, committed 26624K, reserved 1048576K
}

