# JRE version: OpenJDK Runtime Environment 21.9 (17.0.3+6) (build 17.0.3+6-LTS)
# Java VM: OpenJDK 64-Bit Server VM 21.9 (17.0.3+6-LTS, mixed mode, sharing, tiered, compressed oops, compressed class ptrs, g1 gc, windows-amd64)
GC Precious Log:
 CPUs: 2 total, 2 available
 Memory: 7995M
 Large Page Support: Disabled
 NUMA Support: Disabled
 Compressed Oops: Enabled (32-bit)
 Heap Region Size: 1M
 Heap Min Capacity: 64M
 Heap Initial Capacity: 64M
 Heap Max Capacity: 64M
 Pre-touch: Disabled
 Parallel Workers: 2
 Concurrent Workers: 1
 Concurrent Refinement Workers: 2
 Periodic GC: Disabled
Heap:
 garbage-first heap   total 65536K, used 23260K [0x00000000fc000000, 0x0000000100000000)
  region size 1024K, 13 young (13312K), 1 survivors (1024K)
 Metaspace       used 9796K, committed 9984K, reserved 1064960K
  class space    used 1256K, committed 1344K, reserved 1048576K
GC Heap History (8 events):
Event: 3.016 GC heap before
{Heap before GC invocations=0 (full 0):
 garbage-first heap   total 65536K, used 5120K [0x00000000fc000000, 0x0000000100000000)
  region size 1024K, 6 young (6144K), 0 survivors (0K)
 Metaspace       used 1691K, committed 1792K, reserved 1056768K
  class space    used 161K, committed 192K, reserved 1048576K
}
Event: 3.022 GC heap after
{Heap after GC invocations=1 (full 0):
 garbage-first heap   total 65536K, used 1865K [0x00000000fc000000, 0x0000000100000000)
  region size 1024K, 1 young (1024K), 1 survivors (1024K)
 Metaspace       used 1691K, committed 1792K, reserved 1056768K
  class space    used 161K, committed 192K, reserved 1048576K
}
Event: 3.420 GC heap before
{Heap before GC invocations=1 (full 0):
 garbage-first heap   total 65536K, used 5961K [0x00000000fc000000, 0x0000000100000000)
  region size 1024K, 6 young (6144K), 1 survivors (1024K)
 Metaspace       used 1758K, committed 1856K, reserved 1056768K
  class space    used 161K, committed 192K, reserved 1048576K
}
Event: 3.430 GC heap after
{Heap after GC invocations=2 (full 0):
 garbage-first heap   total 65536K, used 2198K [0x00000000fc000000, 0x0000000100000000)
  region size 1024K, 1 young (1024K), 1 survivors (1024K)
 Metaspace       used 1758K, committed 1856K, reserved 1056768K
  class space    used 161K, committed 192K, reserved 1048576K
}
Event: 5.164 GC heap before
{Heap before GC invocations=2 (full 0):
 garbage-first heap   total 65536K, used 16534K [0x00000000fc000000, 0x0000000100000000)
  region size 1024K, 12 young (12288K), 1 survivors (1024K)
 Metaspace       used 3697K, committed 3840K, reserved 1056768K
  class space    used 455K, committed 512K, reserved 1048576K
}
Event: 5.172 GC heap after
{Heap after GC invocations=3 (full 0):
 garbage-first heap   total 65536K, used 11032K [0x00000000fc000000, 0x0000000100000000)
  region size 1024K, 2 young (2048K), 2 survivors (2048K)
 Metaspace       used 3697K, committed 3840K, reserved 1056768K
  class space    used 455K, committed 512K, reserved 1048576K
}
Event: 6.936 GC heap before
{Heap before GC invocations=3 (full 0):
 garbage-first heap   total 65536K, used 22296K [0x00000000fc000000, 0x0000000100000000)
  region size 1024K, 14 young (14336K), 2 survivors (2048K)
 Metaspace       used 7308K, committed 7488K, reserved 1056768K
  class space    used 1006K, committed 1088K, reserved 1048576K
}
Event: 6.943 GC heap after
{Heap after GC invocations=4 (full 0):
 garbage-first heap   total 65536K, used 11996K [0x00000000fc000000, 0x0000000100000000)
  region size 1024K, 1 young (1024K), 1 survivors (1024K)
 Metaspace       used 7308K, committed 7488K, reserved 1056768K
  class space    used 1006K, committed 1088K, reserved 1048576K
}

