# JRE version: OpenJDK Runtime Environment 21.9 (17.0.3+6) (build 17.0.3+6-LTS)
# Java VM: OpenJDK 64-Bit Server VM 21.9 (17.0.3+6-LTS, mixed mode, sharing, tiered, compressed oops, compressed class ptrs, g1 gc, windows-amd64)
GC Precious Log:
 CPUs: 2 total, 2 available
 Memory: 7995M
 Large Page Support: Disabled
 NUMA Support: Disabled
 Compressed Oops: Enabled (32-bit)
 Heap Region Size: 1M
 Heap Min Capacity: 8M
 Heap Initial Capacity: 126M
 Heap Max Capacity: 2G
 Pre-touch: Disabled
 Parallel Workers: 2
 Concurrent Workers: 1
 Concurrent Refinement Workers: 2
 Periodic GC: Disabled
Heap:
 garbage-first heap   total 229376K, used 161700K [0x0000000080000000, 0x0000000100000000)
  region size 1024K, 38 young (38912K), 1 survivors (1024K)
 Metaspace       used 125274K, committed 126080K, reserved 1163264K
  class space    used 17065K, committed 17472K, reserved 1048576K
GC Heap History (20 events):
Event: 82.588 GC heap before
{Heap before GC invocations=35 (full 0):
 garbage-first heap   total 229376K, used 166238K [0x0000000080000000, 0x0000000100000000)
  region size 1024K, 97 young (99328K), 1 survivors (1024K)
 Metaspace       used 73148K, committed 73792K, reserved 1114112K
  class space    used 10099K, committed 10432K, reserved 1048576K
}
Event: 82.615 GC heap after
{Heap after GC invocations=36 (full 0):
 garbage-first heap   total 229376K, used 72363K [0x0000000080000000, 0x0000000100000000)
  region size 1024K, 6 young (6144K), 6 survivors (6144K)
 Metaspace       used 73148K, committed 73792K, reserved 1114112K
  class space    used 10099K, committed 10432K, reserved 1048576K
}
Event: 88.099 GC heap before
{Heap before GC invocations=36 (full 0):
 garbage-first heap   total 229376K, used 173739K [0x0000000080000000, 0x0000000100000000)
  region size 1024K, 105 young (107520K), 6 survivors (6144K)
 Metaspace       used 83301K, committed 83968K, reserved 1122304K
  class space    used 11426K, committed 11776K, reserved 1048576K
}
Event: 88.149 GC heap after
{Heap after GC invocations=37 (full 0):
 garbage-first heap   total 229376K, used 80650K [0x0000000080000000, 0x0000000100000000)
  region size 1024K, 14 young (14336K), 14 survivors (14336K)
 Metaspace       used 83301K, committed 83968K, reserved 1122304K
  class space    used 11426K, committed 11776K, reserved 1048576K
}
Event: 93.936 GC heap before
{Heap before GC invocations=37 (full 0):
 garbage-first heap   total 229376K, used 175882K [0x0000000080000000, 0x0000000100000000)
  region size 1024K, 108 young (110592K), 14 survivors (14336K)
 Metaspace       used 85893K, committed 86592K, reserved 1130496K
  class space    used 11774K, committed 12160K, reserved 1048576K
}
Event: 93.999 GC heap after
{Heap after GC invocations=38 (full 0):
 garbage-first heap   total 229376K, used 88607K [0x0000000080000000, 0x0000000100000000)
  region size 1024K, 9 young (9216K), 9 survivors (9216K)
 Metaspace       used 85893K, committed 86592K, reserved 1130496K
  class space    used 11774K, committed 12160K, reserved 1048576K
}
Event: 98.047 GC heap before
{Heap before GC invocations=38 (full 0):
 garbage-first heap   total 229376K, used 176671K [0x0000000080000000, 0x0000000100000000)
  region size 1024K, 96 young (98304K), 9 survivors (9216K)
 Metaspace       used 86306K, committed 87040K, reserved 1130496K
  class space    used 11819K, committed 12160K, reserved 1048576K
}
Event: 98.089 GC heap after
{Heap after GC invocations=39 (full 0):
 garbage-first heap   total 229376K, used 94208K [0x0000000080000000, 0x0000000100000000)
  region size 1024K, 6 young (6144K), 6 survivors (6144K)
 Metaspace       used 86306K, committed 87040K, reserved 1130496K
  class space    used 11819K, committed 12160K, reserved 1048576K
}
Event: 102.304 GC heap before
{Heap before GC invocations=39 (full 0):
 garbage-first heap   total 229376K, used 182272K [0x0000000080000000, 0x0000000100000000)
  region size 1024K, 92 young (94208K), 6 survivors (6144K)
 Metaspace       used 89086K, committed 89856K, reserved 1130496K
  class space    used 12104K, committed 12480K, reserved 1048576K
}
Event: 102.351 GC heap after
{Heap after GC invocations=40 (full 0):
 garbage-first heap   total 229376K, used 101376K [0x0000000080000000, 0x0000000100000000)
  region size 1024K, 12 young (12288K), 12 survivors (12288K)
 Metaspace       used 89086K, committed 89856K, reserved 1130496K
  class space    used 12104K, committed 12480K, reserved 1048576K
}
Event: 108.789 GC heap before
{Heap before GC invocations=40 (full 0):
 garbage-first heap   total 229376K, used 203776K [0x0000000080000000, 0x0000000100000000)
  region size 1024K, 85 young (87040K), 12 survivors (12288K)
 Metaspace       used 95873K, committed 96704K, reserved 1138688K
  class space    used 12733K, committed 13120K, reserved 1048576K
}
Event: 108.835 GC heap after
{Heap after GC invocations=41 (full 0):
 garbage-first heap   total 229376K, used 126464K [0x0000000080000000, 0x0000000100000000)
  region size 1024K, 9 young (9216K), 9 survivors (9216K)
 Metaspace       used 95873K, committed 96704K, reserved 1138688K
  class space    used 12733K, committed 13120K, reserved 1048576K
}
Event: 110.509 GC heap before
{Heap before GC invocations=41 (full 0):
 garbage-first heap   total 229376K, used 166400K [0x0000000080000000, 0x0000000100000000)
  region size 1024K, 24 young (24576K), 9 survivors (9216K)
 Metaspace       used 99324K, committed 100096K, reserved 1138688K
  class space    used 13113K, committed 13504K, reserved 1048576K
}
Event: 110.532 GC heap after
{Heap after GC invocations=42 (full 0):
 garbage-first heap   total 229376K, used 130048K [0x0000000080000000, 0x0000000100000000)
  region size 1024K, 2 young (2048K), 2 survivors (2048K)
 Metaspace       used 99324K, committed 100096K, reserved 1138688K
  class space    used 13113K, committed 13504K, reserved 1048576K
}
Event: 111.337 GC heap before
{Heap before GC invocations=42 (full 0):
 garbage-first heap   total 229376K, used 150528K [0x0000000080000000, 0x0000000100000000)
  region size 1024K, 15 young (15360K), 2 survivors (2048K)
 Metaspace       used 102380K, committed 103168K, reserved 1146880K
  class space    used 13435K, committed 13824K, reserved 1048576K
}
Event: 111.347 GC heap after
{Heap after GC invocations=43 (full 0):
 garbage-first heap   total 229376K, used 127750K [0x0000000080000000, 0x0000000100000000)
  region size 1024K, 2 young (2048K), 2 survivors (2048K)
 Metaspace       used 102380K, committed 103168K, reserved 1146880K
  class space    used 13435K, committed 13824K, reserved 1048576K
}
Event: 115.736 GC heap before
{Heap before GC invocations=44 (full 0):
 garbage-first heap   total 229376K, used 180998K [0x0000000080000000, 0x0000000100000000)
  region size 1024K, 64 young (65536K), 2 survivors (2048K)
 Metaspace       used 114920K, committed 115776K, reserved 1155072K
  class space    used 15075K, committed 15488K, reserved 1048576K
}
Event: 115.763 GC heap after
{Heap after GC invocations=45 (full 0):
 garbage-first heap   total 229376K, used 124734K [0x0000000080000000, 0x0000000100000000)
  region size 1024K, 8 young (8192K), 8 survivors (8192K)
 Metaspace       used 114920K, committed 115776K, reserved 1155072K
  class space    used 15075K, committed 15488K, reserved 1048576K
}
Event: 115.912 GC heap before
{Heap before GC invocations=45 (full 0):
 garbage-first heap   total 229376K, used 126782K [0x0000000080000000, 0x0000000100000000)
  region size 1024K, 11 young (11264K), 8 survivors (8192K)
 Metaspace       used 115869K, committed 116736K, reserved 1155072K
  class space    used 15193K, committed 15616K, reserved 1048576K
}
Event: 115.936 GC heap after
{Heap after GC invocations=46 (full 0):
 garbage-first heap   total 229376K, used 124836K [0x0000000080000000, 0x0000000100000000)
  region size 1024K, 1 young (1024K), 1 survivors (1024K)
 Metaspace       used 115869K, committed 116736K, reserved 1155072K
  class space    used 15193K, committed 15616K, reserved 1048576K
}

