# JRE version: OpenJDK Runtime Environment 21.9 (17.0.3+6) (build 17.0.3+6-LTS)
# Java VM: OpenJDK 64-Bit Server VM 21.9 (17.0.3+6-LTS, mixed mode, sharing, tiered, compressed oops, compressed class ptrs, g1 gc, windows-amd64)
GC Precious Log:
 CPUs: 2 total, 2 available
 Memory: 7995M
 Large Page Support: Disabled
 NUMA Support: Disabled
 Compressed Oops: Enabled (32-bit)
 Heap Region Size: 1M
 Heap Min Capacity: 8M
 Heap Initial Capacity: 126M
 Heap Max Capacity: 2G
 Pre-touch: Disabled
 Parallel Workers: 2
 Concurrent Workers: 1
 Concurrent Refinement Workers: 2
 Periodic GC: Disabled
Heap:
 garbage-first heap   total 507904K, used 438102K [0x0000000080000000, 0x0000000100000000)
  region size 1024K, 2 young (2048K), 2 survivors (2048K)
 Metaspace       used 130195K, committed 131008K, reserved 1163264K
  class space    used 16948K, committed 17344K, reserved 1048576K
GC Heap History (20 events):
Event: 185.667 GC heap after
{Heap after GC invocations=65 (full 0):
 garbage-first heap   total 507904K, used 397606K [0x0000000080000000, 0x0000000100000000)
  region size 1024K, 6 young (6144K), 6 survivors (6144K)
 Metaspace       used 123700K, committed 124544K, reserved 1163264K
  class space    used 16330K, committed 16768K, reserved 1048576K
}
Event: 190.953 GC heap before
{Heap before GC invocations=65 (full 0):
 garbage-first heap   total 507904K, used 436518K [0x0000000080000000, 0x0000000100000000)
  region size 1024K, 45 young (46080K), 6 survivors (6144K)
 Metaspace       used 126745K, committed 127616K, reserved 1163264K
  class space    used 16582K, committed 17024K, reserved 1048576K
}
Event: 190.978 GC heap after
{Heap after GC invocations=66 (full 0):
 garbage-first heap   total 507904K, used 403750K [0x0000000080000000, 0x0000000100000000)
  region size 1024K, 6 young (6144K), 6 survivors (6144K)
 Metaspace       used 126745K, committed 127616K, reserved 1163264K
  class space    used 16582K, committed 17024K, reserved 1048576K
}
Event: 195.531 GC heap before
{Heap before GC invocations=66 (full 0):
 garbage-first heap   total 507904K, used 438566K [0x0000000080000000, 0x0000000100000000)
  region size 1024K, 41 young (41984K), 6 survivors (6144K)
 Metaspace       used 127215K, committed 128128K, reserved 1163264K
  class space    used 16619K, committed 17088K, reserved 1048576K
}
Event: 195.551 GC heap after
{Heap after GC invocations=67 (full 0):
 garbage-first heap   total 507904K, used 404774K [0x0000000080000000, 0x0000000100000000)
  region size 1024K, 1 young (1024K), 1 survivors (1024K)
 Metaspace       used 127215K, committed 128128K, reserved 1163264K
  class space    used 16619K, committed 17088K, reserved 1048576K
}
Event: 198.740 GC heap before
{Heap before GC invocations=67 (full 0):
 garbage-first heap   total 507904K, used 441638K [0x0000000080000000, 0x0000000100000000)
  region size 1024K, 38 young (38912K), 1 survivors (1024K)
 Metaspace       used 127295K, committed 128192K, reserved 1163264K
  class space    used 16620K, committed 17088K, reserved 1048576K
}
Event: 198.778 GC heap after
{Heap after GC invocations=68 (full 0):
 garbage-first heap   total 507904K, used 404394K [0x0000000080000000, 0x0000000100000000)
  region size 1024K, 1 young (1024K), 1 survivors (1024K)
 Metaspace       used 127295K, committed 128192K, reserved 1163264K
  class space    used 16620K, committed 17088K, reserved 1048576K
}
Event: 205.437 GC heap before
{Heap before GC invocations=68 (full 0):
 garbage-first heap   total 507904K, used 442282K [0x0000000080000000, 0x0000000100000000)
  region size 1024K, 39 young (39936K), 1 survivors (1024K)
 Metaspace       used 128982K, committed 129920K, reserved 1163264K
  class space    used 16790K, committed 17280K, reserved 1048576K
}
Event: 205.454 GC heap after
{Heap after GC invocations=69 (full 0):
 garbage-first heap   total 507904K, used 406968K [0x0000000080000000, 0x0000000100000000)
  region size 1024K, 4 young (4096K), 4 survivors (4096K)
 Metaspace       used 128982K, committed 129920K, reserved 1163264K
  class space    used 16790K, committed 17280K, reserved 1048576K
}
Event: 206.884 GC heap before
{Heap before GC invocations=69 (full 0):
 garbage-first heap   total 507904K, used 442808K [0x0000000080000000, 0x0000000100000000)
  region size 1024K, 12 young (12288K), 4 survivors (4096K)
 Metaspace       used 130020K, committed 130880K, reserved 1163264K
  class space    used 16923K, committed 17344K, reserved 1048576K
}
Event: 206.903 GC heap after
{Heap after GC invocations=70 (full 0):
 garbage-first heap   total 507904K, used 422941K [0x0000000080000000, 0x0000000100000000)
  region size 1024K, 5 young (5120K), 5 survivors (5120K)
 Metaspace       used 130020K, committed 130880K, reserved 1163264K
  class space    used 16923K, committed 17344K, reserved 1048576K
}
Event: 207.240 GC heap before
{Heap before GC invocations=70 (full 0):
 garbage-first heap   total 507904K, used 448541K [0x0000000080000000, 0x0000000100000000)
  region size 1024K, 7 young (7168K), 5 survivors (5120K)
 Metaspace       used 130195K, committed 131008K, reserved 1163264K
  class space    used 16948K, committed 17344K, reserved 1048576K
}
Event: 207.253 GC heap after
{Heap after GC invocations=71 (full 0):
 garbage-first heap   total 507904K, used 438333K [0x0000000080000000, 0x0000000100000000)
  region size 1024K, 2 young (2048K), 2 survivors (2048K)
 Metaspace       used 130195K, committed 131008K, reserved 1163264K
  class space    used 16948K, committed 17344K, reserved 1048576K
}
Event: 207.263 GC heap before
{Heap before GC invocations=71 (full 0):
 garbage-first heap   total 507904K, used 440381K [0x0000000080000000, 0x0000000100000000)
  region size 1024K, 3 young (3072K), 2 survivors (2048K)
 Metaspace       used 130195K, committed 131008K, reserved 1163264K
  class space    used 16948K, committed 17344K, reserved 1048576K
}
Event: 207.273 GC heap after
{Heap after GC invocations=72 (full 0):
 garbage-first heap   total 507904K, used 438473K [0x0000000080000000, 0x0000000100000000)
  region size 1024K, 2 young (2048K), 2 survivors (2048K)
 Metaspace       used 130195K, committed 131008K, reserved 1163264K
  class space    used 16948K, committed 17344K, reserved 1048576K
}
Event: 207.280 GC heap before
{Heap before GC invocations=72 (full 0):
 garbage-first heap   total 507904K, used 440521K [0x0000000080000000, 0x0000000100000000)
  region size 1024K, 3 young (3072K), 2 survivors (2048K)
 Metaspace       used 130195K, committed 131008K, reserved 1163264K
  class space    used 16948K, committed 17344K, reserved 1048576K
}
Event: 207.287 GC heap after
{Heap after GC invocations=73 (full 0):
 garbage-first heap   total 507904K, used 438007K [0x0000000080000000, 0x0000000100000000)
  region size 1024K, 2 young (2048K), 2 survivors (2048K)
 Metaspace       used 130195K, committed 131008K, reserved 1163264K
  class space    used 16948K, committed 17344K, reserved 1048576K
}
Event: 207.296 GC heap before
{Heap before GC invocations=73 (full 0):
 garbage-first heap   total 507904K, used 440055K [0x0000000080000000, 0x0000000100000000)
  region size 1024K, 3 young (3072K), 2 survivors (2048K)
 Metaspace       used 130195K, committed 131008K, reserved 1163264K
  class space    used 16948K, committed 17344K, reserved 1048576K
}
Event: 207.301 GC heap after
{Heap after GC invocations=74 (full 0):
 garbage-first heap   total 507904K, used 437994K [0x0000000080000000, 0x0000000100000000)
  region size 1024K, 2 young (2048K), 2 survivors (2048K)
 Metaspace       used 130195K, committed 131008K, reserved 1163264K
  class space    used 16948K, committed 17344K, reserved 1048576K
}
Event: 207.311 GC heap before
{Heap before GC invocations=74 (full 0):
 garbage-first heap   total 507904K, used 442090K [0x0000000080000000, 0x0000000100000000)
  region size 1024K, 3 young (3072K), 2 survivors (2048K)
 Metaspace       used 130195K, committed 131008K, reserved 1163264K
  class space    used 16948K, committed 17344K, reserved 1048576K
}

